#
# There is insufficient memory for the Java Runtime Environment to continue.
# Native memory allocation (mmap) failed to map 268435456 bytes. Error detail: G1 virtual space
# Possible reasons:
#   The system is out of physical RAM or swap space
#   This process is running with CompressedOops enabled, and the Java Heap may be blocking the growth of the native heap
# Possible solutions:
#   Reduce memory load on the system
#   Increase physical memory or swap space
#   Check if swap backing store is full
#   Decrease Java heap size (-Xmx/-Xms)
#   Decrease number of Java threads
#   Decrease Java thread stack sizes (-Xss)
#   Set larger code cache with -XX:ReservedCodeCacheSize=
#   JVM is running with Zero Based Compressed Oops mode in which the Java heap is
#     placed in the first 32GB address space. The Java Heap base address is the
#     maximum limit for the native heap growth. Please use -XX:HeapBaseMinAddress
#     to set the Java Heap base and to place the Java Heap above 32GB virtual address.
# This output file may be truncated or incomplete.
#
#  Out of Memory Error (os_windows.cpp:3618), pid=1200, tid=13612
#
# JRE version:  (17.0.15+6) (build )
# Java VM: OpenJDK 64-Bit Server VM (17.0.15+6-LTS, mixed mode, sharing, tiered, compressed oops, compressed class ptrs, g1 gc, windows-amd64)
# No core dump will be written. Minidumps are not enabled by default on client versions of Windows
#

---------------  S U M M A R Y ------------

Command Line: -javaagent:C:\Program Files\JetBrains\IntelliJ IDEA 2025.1.1.1\lib\idea_rt.jar=52722 -Dfile.encoding=UTF-8 com.lgcns.study_micros.StudyMicrosApplication

Host: AMD EPYC 7643 48-Core Processor                , 8 cores, 15G,  Windows 11 , 64 bit Build 22621 (10.0.22621.3958)
Time: Tue Aug  5 16:20:43 2025 SE Asia Standard Time elapsed time: 0.039895 seconds (0d 0h 0m 0s)

---------------  T H R E A D  ---------------

Current thread (0x0000017890dc54b0):  JavaThread "Unknown thread" [_thread_in_vm, id=13612, stack(0x0000003b82a00000,0x0000003b82b00000)]

Stack: [0x0000003b82a00000,0x0000003b82b00000]
Native frames: (J=compiled Java code, j=interpreted, Vv=VM code, C=native code)
V  [jvm.dll+0x681149]
V  [jvm.dll+0x838b5a]
V  [jvm.dll+0x83a61e]
V  [jvm.dll+0x83ac83]
V  [jvm.dll+0x24837f]
V  [jvm.dll+0x67de79]
V  [jvm.dll+0x67294a]
V  [jvm.dll+0x30836b]
V  [jvm.dll+0x30f856]
V  [jvm.dll+0x35fbce]
V  [jvm.dll+0x35fe0f]
V  [jvm.dll+0x2df31c]
V  [jvm.dll+0x2e0274]
V  [jvm.dll+0x80a34b]
V  [jvm.dll+0x36d941]
V  [jvm.dll+0x7e8dd5]
V  [jvm.dll+0x3f164e]
V  [jvm.dll+0x3f31d1]
C  [jli.dll+0x52ab]
C  [ucrtbase.dll+0x29333]
C  [KERNEL32.DLL+0x1257d]
C  [ntdll.dll+0x5af28]


---------------  P R O C E S S  ---------------

Threads class SMR info:
_java_thread_list=0x00007ff93ef08f18, length=0, elements={
}

Java Threads: ( => current thread )

Other Threads:
  0x0000017890e30b70 GCTaskThread "GC Thread#0" [stack: 0x0000003b82b00000,0x0000003b82c00000] [id=28812]
  0x0000017890e419c0 ConcurrentGCThread "G1 Main Marker" [stack: 0x0000003b82c00000,0x0000003b82d00000] [id=31464]
  0x0000017890e42e50 ConcurrentGCThread "G1 Conc#0" [stack: 0x0000003b82d00000,0x0000003b82e00000] [id=29384]

[error occurred during error reporting (printing all threads), id 0xc0000005, EXCEPTION_ACCESS_VIOLATION (0xc0000005) at pc=0x00007ff93e6bfa57]

VM state: not at safepoint (not fully initialized)

VM Mutex/Monitor currently owned by a thread:  ([mutex/lock_event])
[0x0000017890dc00d0] Heap_lock - owner thread: 0x0000017890dc54b0

Heap address: 0x0000000700000000, size: 4096 MB, Compressed Oops mode: Zero based, Oop shift amount: 3

CDS archive(s) mapped at: [0x0000000000000000-0x0000000000000000-0x0000000000000000), size 0, SharedBaseAddress: 0x0000000800000000, ArchiveRelocationMode: 1.
Narrow klass base: 0x0000000000000000, Narrow klass shift: 0, Narrow klass range: 0x0

GC Precious Log:
<Empty>

Heap:
 garbage-first heap   total 0K, used 0K [0x0000000700000000, 0x0000000800000000)
  region size 2048K, 0 young (0K), 0 survivors (0K)

[error occurred during error reporting (printing heap information), id 0xc0000005, EXCEPTION_ACCESS_VIOLATION (0xc0000005) at pc=0x00007ff93eaaa2f9]

GC Heap History (0 events):
No events

Dll operation events (1 events):
Event: 0.013 Loaded shared library C:\Users\63200736\.jdks\corretto-17.0.15\bin\java.dll

Deoptimization events (0 events):
No events

Classes loaded (0 events):
No events

Classes unloaded (0 events):
No events

Classes redefined (0 events):
No events

Internal exceptions (0 events):
No events

VM Operations (0 events):
No events

Memory protections (0 events):
No events

Nmethod flushes (0 events):
No events

Events (0 events):
No events


Dynamic libraries:
0x00007ff6a10a0000 - 0x00007ff6a10ae000 	C:\Users\63200736\.jdks\corretto-17.0.15\bin\java.exe
0x00007ff9be590000 - 0x00007ff9be7a7000 	C:\windows\SYSTEM32\ntdll.dll
0x00007ff9bdf00000 - 0x00007ff9bdfc4000 	C:\windows\System32\KERNEL32.DLL
0x00007ff9bbee0000 - 0x00007ff9bc28d000 	C:\windows\System32\KERNELBASE.dll
0x00007ff9bbd20000 - 0x00007ff9bbe31000 	C:\windows\System32\ucrtbase.dll
0x00007ff9a2150000 - 0x00007ff9a2167000 	C:\Users\63200736\.jdks\corretto-17.0.15\bin\jli.dll
0x00007ff9be2a0000 - 0x00007ff9be44e000 	C:\windows\System32\USER32.dll
0x00007ff9bb9d0000 - 0x00007ff9bb9f6000 	C:\windows\System32\win32u.dll
0x00007ff9bd660000 - 0x00007ff9bd689000 	C:\windows\System32\GDI32.dll
0x00007ff9bb8b0000 - 0x00007ff9bb9c9000 	C:\windows\System32\gdi32full.dll
0x00007ff9bbe40000 - 0x00007ff9bbeda000 	C:\windows\System32\msvcp_win.dll
0x00007ff995e80000 - 0x00007ff995e9b000 	C:\Users\63200736\.jdks\corretto-17.0.15\bin\VCRUNTIME140.dll
0x00007ff9a88b0000 - 0x00007ff9a8b43000 	C:\windows\WinSxS\amd64_microsoft.windows.common-controls_6595b64144ccf1df_6.0.22621.3672_none_2713b9d173822955\COMCTL32.dll
0x00007ff9bd690000 - 0x00007ff9bd737000 	C:\windows\System32\msvcrt.dll
0x00007ff9bd440000 - 0x00007ff9bd471000 	C:\windows\System32\IMM32.DLL
0x00007ff974a90000 - 0x00007ff975102000 	C:\Program Files\McAfee\DLP\Agent\fcagpph64.dll
0x00007ff9bca00000 - 0x00007ff9bcab2000 	C:\windows\System32\ADVAPI32.dll
0x00007ff9bd940000 - 0x00007ff9bd9e9000 	C:\windows\System32\sechost.dll
0x00007ff9bc290000 - 0x00007ff9bc2b8000 	C:\windows\System32\bcrypt.dll
0x00007ff9be180000 - 0x00007ff9be294000 	C:\windows\System32\RPCRT4.dll
0x00007ff9bcbc0000 - 0x00007ff9bd428000 	C:\windows\System32\SHELL32.dll
0x00007ff9bdfd0000 - 0x00007ff9be175000 	C:\windows\System32\ole32.dll
0x00007ff9bdb50000 - 0x00007ff9bdedd000 	C:\windows\System32\combase.dll
0x00007ff9bc820000 - 0x00007ff9bc87e000 	C:\windows\System32\SHLWAPI.dll
0x00007ff9bc930000 - 0x00007ff9bc9a1000 	C:\windows\System32\WS2_32.dll
0x00007ff9bda70000 - 0x00007ff9bdb47000 	C:\windows\System32\OLEAUT32.dll
0x00007ff9ba280000 - 0x00007ff9ba294000 	C:\windows\SYSTEM32\WTSAPI32.dll
0x00007ff9af3d0000 - 0x00007ff9af477000 	C:\windows\SYSTEM32\WINSPOOL.DRV
0x00007ff9be450000 - 0x00007ff9be549000 	C:\windows\System32\shcore.dll
0x00007ff9bb500000 - 0x00007ff9bb50a000 	C:\windows\SYSTEM32\VERSION.dll
0x00007ff9ba4d0000 - 0x00007ff9ba504000 	C:\windows\SYSTEM32\ntmarta.dll
0x00007ff9bb710000 - 0x00007ff9bb74a000 	C:\Program Files\Citrix\HDX\bin\MfApHook.dll
0x00007ff9bb650000 - 0x00007ff9bb660000 	C:\Program Files\Citrix\HDX\bin\FullScreenHook.dll
0x00007ff971980000 - 0x00007ff971a0d000 	C:\Users\63200736\.jdks\corretto-17.0.15\bin\MSVCP140.dll
0x00007ff9ad1a0000 - 0x00007ff9ad1ac000 	C:\Users\63200736\.jdks\corretto-17.0.15\bin\VCRUNTIME140_1.dll
0x00007ff9bb3b0000 - 0x00007ff9bb3dd000 	C:\Program Files\Citrix\HDX\bin\ShellHook.dll
0x00007ff9bb280000 - 0x00007ff9bb3a9000 	C:\Program Files\Citrix\HDX\bin\SCardHook.dll
0x00007ff9bb230000 - 0x00007ff9bb24f000 	C:\Program Files\Citrix\HDX\bin\CxInjIme.dll
0x00007ff9bb200000 - 0x00007ff9bb228000 	C:\Program Files\Citrix\HDX\bin\PicaWtsHook.dll
0x00007ff93e3d0000 - 0x00007ff93f03c000 	C:\Users\63200736\.jdks\corretto-17.0.15\bin\server\jvm.dll
0x00007ff9bb770000 - 0x00007ff9bb7bd000 	C:\windows\SYSTEM32\POWRPROF.dll
0x00007ff9b6620000 - 0x00007ff9b6654000 	C:\windows\SYSTEM32\WINMM.dll
0x00007ff9bb750000 - 0x00007ff9bb763000 	C:\windows\SYSTEM32\UMPDC.dll
0x00007ff9ba4b0000 - 0x00007ff9ba4c8000 	C:\windows\SYSTEM32\kernel.appcore.dll
0x00007ff9a2320000 - 0x00007ff9a232a000 	C:\Users\63200736\.jdks\corretto-17.0.15\bin\jimage.dll
0x00007ff9b8990000 - 0x00007ff9b8bc2000 	C:\windows\SYSTEM32\DBGHELP.DLL
0x00007ff9902e0000 - 0x00007ff990312000 	C:\windows\SYSTEM32\dbgcore.DLL
0x00007ff9bbca0000 - 0x00007ff9bbd1b000 	C:\windows\System32\bcryptPrimitives.dll
0x00007ff9960c0000 - 0x00007ff9960ce000 	C:\Users\63200736\.jdks\corretto-17.0.15\bin\instrument.dll
0x00007ff98f970000 - 0x00007ff98f995000 	C:\Users\63200736\.jdks\corretto-17.0.15\bin\java.dll

dbghelp: loaded successfully - version: 4.0.5 - missing functions: none
symbol engine: initialized successfully - sym options: 0x614 - pdb path: .;C:\Users\63200736\.jdks\corretto-17.0.15\bin;C:\windows\SYSTEM32;C:\windows\WinSxS\amd64_microsoft.windows.common-controls_6595b64144ccf1df_6.0.22621.3672_none_2713b9d173822955;C:\Program Files\McAfee\DLP\Agent;C:\Program Files\Citrix\HDX\bin;C:\Users\63200736\.jdks\corretto-17.0.15\bin\server

VM Arguments:
jvm_args: -javaagent:C:\Program Files\JetBrains\IntelliJ IDEA 2025.1.1.1\lib\idea_rt.jar=52722 -Dfile.encoding=UTF-8 
java_command: com.lgcns.study_micros.StudyMicrosApplication
java_class_path (initial): C:\micro\study_micros\target\classes;C:\Users\63200736\.m2\repository\org\springframework\boot\spring-boot-starter-thymeleaf\3.5.4\spring-boot-starter-thymeleaf-3.5.4.jar;C:\Users\63200736\.m2\repository\org\springframework\boot\spring-boot-starter\3.5.4\spring-boot-starter-3.5.4.jar;C:\Users\63200736\.m2\repository\org\springframework\boot\spring-boot-starter-logging\3.5.4\spring-boot-starter-logging-3.5.4.jar;C:\Users\63200736\.m2\repository\ch\qos\logback\logback-classic\1.5.18\logback-classic-1.5.18.jar;C:\Users\63200736\.m2\repository\ch\qos\logback\logback-core\1.5.18\logback-core-1.5.18.jar;C:\Users\63200736\.m2\repository\org\apache\logging\log4j\log4j-to-slf4j\2.24.3\log4j-to-slf4j-2.24.3.jar;C:\Users\63200736\.m2\repository\org\apache\logging\log4j\log4j-api\2.24.3\log4j-api-2.24.3.jar;C:\Users\63200736\.m2\repository\org\slf4j\jul-to-slf4j\2.0.17\jul-to-slf4j-2.0.17.jar;C:\Users\63200736\.m2\repository\jakarta\annotation\jakarta.annotation-api\2.1.1\jakarta.annotation-api-2.1.1.jar;C:\Users\63200736\.m2\repository\org\yaml\snakeyaml\2.4\snakeyaml-2.4.jar;C:\Users\63200736\.m2\repository\org\thymeleaf\thymeleaf-spring6\3.1.3.RELEASE\thymeleaf-spring6-3.1.3.RELEASE.jar;C:\Users\63200736\.m2\repository\org\thymeleaf\thymeleaf\3.1.3.RELEASE\thymeleaf-3.1.3.RELEASE.jar;C:\Users\63200736\.m2\repository\org\attoparser\attoparser\2.0.7.RELEASE\attoparser-2.0.7.RELEASE.jar;C:\Users\63200736\.m2\repository\org\unbescape\unbescape\1.1.6.RELEASE\unbescape-1.1.6.RELEASE.jar;C:\Users\63200736\.m2\repository\org\slf4j\slf4j-api\2.0.17\slf4j-api-2.0.17.jar;C:\Users\63200736\.m2\repository\org\springframework\boot\spring-boot-starter-web\3.5.4\spring-boot-starter-web-3.5.4.jar;C:\Users\63200736\.m2\repository\org\springframework\boot\spring-boot-starter-json\3.5.4\spring-boot-starter-json-3.5.4.jar;C:\Users\63200736\.m2\repository\com\fasterxml\jackson\core\jackson-databind\2.19.2\jackson-databind-2.19.2.jar;C:\Users\63200736\.m2\repository\co
Launcher Type: SUN_STANDARD

[Global flags]
     intx CICompilerCount                          = 4                                         {product} {ergonomic}
     uint ConcGCThreads                            = 2                                         {product} {ergonomic}
     uint G1ConcRefinementThreads                  = 8                                         {product} {ergonomic}
   size_t G1HeapRegionSize                         = 2097152                                   {product} {ergonomic}
    uintx GCDrainStackTargetSize                   = 64                                        {product} {ergonomic}
   size_t InitialHeapSize                          = 268435456                                 {product} {ergonomic}
   size_t MarkStackSize                            = 4194304                                   {product} {ergonomic}
   size_t MaxHeapSize                              = 4294967296                                {product} {ergonomic}
   size_t MinHeapDeltaBytes                        = 2097152                                   {product} {ergonomic}
   size_t MinHeapSize                              = 8388608                                   {product} {ergonomic}
    uintx NonNMethodCodeHeapSize                   = 5839372                                {pd product} {ergonomic}
    uintx NonProfiledCodeHeapSize                  = 122909434                              {pd product} {ergonomic}
    uintx ProfiledCodeHeapSize                     = 122909434                              {pd product} {ergonomic}
    uintx ReservedCodeCacheSize                    = 251658240                              {pd product} {ergonomic}
     bool SegmentedCodeCache                       = true                                      {product} {ergonomic}
   size_t SoftMaxHeapSize                          = 4294967296                             {manageable} {ergonomic}
     bool UseCompressedClassPointers               = true                           {product lp64_product} {ergonomic}
     bool UseCompressedOops                        = true                           {product lp64_product} {ergonomic}
     bool UseG1GC                                  = true                                      {product} {ergonomic}
     bool UseLargePagesIndividualAllocation        = false                                  {pd product} {ergonomic}

Logging:
Log output configuration:
 #0: stdout all=warning uptime,level,tags
 #1: stderr all=off uptime,level,tags

Environment Variables:
PATH=C:\windows\system32;C:\windows;C:\windows\System32\Wbem;C:\windows\System32\WindowsPowerShell\v1.0\;C:\windows\System32\OpenSSH\;C:\Program Files (x86)\Citrix\HDX\bin\;C:\Program Files\Citrix\HDX\bin\;C:\Program Files\nodejs\;C:\Program Files\Git\cmd;C:\Users\63200736\AppData\Local\Microsoft\WindowsApps;C:\Users\63200736\AppData\Local\Programs\Microsoft VS Code\bin;C:\Users\63200736\AppData\Roaming\npm;C:\Program Files\JetBrains\IntelliJ IDEA 2025.1.1.1\bin;;C:\Program Files\JetBrains\PyCharm Community Edition 2025.1.1.1\bin;;C:\Users\63200736\AppData\Local\Programs\Rancher Desktop\resources\resources\win32\bin\;C:\Users\63200736\AppData\Local\Programs\Rancher Desktop\resources\resources\win32\docker-cli-plugins\;C:\Users\63200736\AppData\Local\Programs\Rancher Desktop\resources\resources\linux\bin\;C:\Users\63200736\AppData\Local\Programs\Rancher Desktop\resources\resources\linux\docker-cli-plugins\;C:\Program Files\JetBrains\JetBrains Rider 2025.1.4\bin;;C:\Users\63200736\.dotnet\tools
USERNAME=63200736
OS=Windows_NT
PROCESSOR_IDENTIFIER=AMD64 Family 25 Model 1 Stepping 1, AuthenticAMD
TMP=C:\Users\63200736\AppData\Local\Temp
TEMP=C:\Users\63200736\AppData\Local\Temp



Periodic native trim disabled


---------------  S Y S T E M  ---------------

OS:
 Windows 11 , 64 bit Build 22621 (10.0.22621.3958)
OS uptime: 7 days 5:18 hours
Hyper-V role detected

CPU: total 8 (initial active 8) (8 cores per cpu, 2 threads per core) family 25 model 1 stepping 1 microcode 0x0, cx8, cmov, fxsr, ht, mmx, 3dnowpref, sse, sse2, sse3, ssse3, sse4a, sse4.1, sse4.2, popcnt, lzcnt, tsc, avx, avx2, aes, clmul, bmi1, bmi2, adx, sha, fma, vzeroupper, clflush, clflushopt, hv
Processor Information for all 8 processors :
  Max Mhz: 2296, Current Mhz: 2296, Mhz Limit: 2296

Memory: 4k page, system-wide physical 16377M (1141M free)
TotalPageFile size 29134M (AvailPageFile size 245M)
current process WorkingSet (physical memory assigned to process): 16M, peak: 16M
current process commit charge ("private bytes"): 64M, peak: 320M

vm_info: OpenJDK 64-Bit Server VM (17.0.15+6-LTS) for windows-amd64 JRE (17.0.15+6-LTS), built on Apr  9 2025 23:33:55 by "Administrator" with MS VC++ 16.10 / 16.11 (VS2019)

END.
