#
# There is insufficient memory for the Java Runtime Environment to continue.
# Native memory allocation (mmap) failed to map 65536 bytes. Error detail: Failed to commit metaspace.
# Possible reasons:
#   The system is out of physical RAM or swap space
#   This process is running with CompressedOops enabled, and the Java Heap may be blocking the growth of the native heap
# Possible solutions:
#   Reduce memory load on the system
#   Increase physical memory or swap space
#   Check if swap backing store is full
#   Decrease Java heap size (-Xmx/-Xms)
#   Decrease number of Java threads
#   Decrease Java thread stack sizes (-Xss)
#   Set larger code cache with -XX:ReservedCodeCacheSize=
#   JVM is running with Zero Based Compressed Oops mode in which the Java heap is
#     placed in the first 32GB address space. The Java Heap base address is the
#     maximum limit for the native heap growth. Please use -XX:HeapBaseMinAddress
#     to set the Java Heap base and to place the Java Heap above 32GB virtual address.
# This output file may be truncated or incomplete.
#
#  Out of Memory Error (virtualSpaceNode.cpp:110), pid=8908, tid=8988
#
# JRE version: OpenJDK Runtime Environment Corretto-17.0.15.6.1 (17.0.15+6) (build 17.0.15+6-LTS)
# Java VM: OpenJDK 64-Bit Server VM Corretto-17.0.15.6.1 (17.0.15+6-LTS, mixed mode, sharing, tiered, compressed oops, compressed class ptrs, g1 gc, windows-amd64)
# No core dump will be written. Minidumps are not enabled by default on client versions of Windows
#

---------------  S U M M A R Y ------------

Command Line: -javaagent:C:\Program Files\JetBrains\IntelliJ IDEA 2025.1.1.1\lib\idea_rt.jar=63577 -Dfile.encoding=UTF-8 com.lgcns.study_micros.StudyMicrosApplication

Host: AMD EPYC 7643 48-Core Processor                , 8 cores, 15G,  Windows 11 , 64 bit Build 22621 (10.0.22621.3958)
Time: Thu Aug  7 09:44:11 2025 SE Asia Standard Time elapsed time: 2.128022 seconds (0d 0h 0m 2s)

---------------  T H R E A D  ---------------

Current thread (0x000001e627ba4ea0):  JavaThread "main" [_thread_in_vm, id=8988, stack(0x000000895cf00000,0x000000895d000000)]

Stack: [0x000000895cf00000,0x000000895d000000]
Native frames: (J=compiled Java code, j=interpreted, Vv=VM code, C=native code)
V  [jvm.dll+0x681149]
V  [jvm.dll+0x838b5a]
V  [jvm.dll+0x83a61e]
V  [jvm.dll+0x83ac83]
V  [jvm.dll+0x24837f]
V  [jvm.dll+0x83480d]
V  [jvm.dll+0x62546e]
V  [jvm.dll+0x1c1dab]
V  [jvm.dll+0x627dfd]
V  [jvm.dll+0x625e16]
V  [jvm.dll+0x245c1c]
V  [jvm.dll+0x6d74fd]
V  [jvm.dll+0x6d7f3f]
V  [jvm.dll+0x374964]
V  [jvm.dll+0x3739d4]
V  [jvm.dll+0x373978]
V  [jvm.dll+0x567525]
V  [jvm.dll+0x566404]
V  [jvm.dll+0x387b12]
V  [jvm.dll+0x38717f]
C  0x000001e63746a639

The last pc belongs to invokestatic (printed below).
Java frames: (J=compiled Java code, j=interpreted, Vv=VM code)
j  org.springframework.core.annotation.MergedAnnotation.missing()Lorg/springframework/core/annotation/MergedAnnotation;+0
j  org.springframework.core.annotation.TypeMappedAnnotations.get(Ljava/lang/Class;Ljava/util/function/Predicate;Lorg/springframework/core/annotation/MergedAnnotationSelector;)Lorg/springframework/core/annotation/MergedAnnotation;+48
j  org.springframework.core.annotation.TypeMappedAnnotations.get(Ljava/lang/Class;)Lorg/springframework/core/annotation/MergedAnnotation;+4
j  org.springframework.core.annotation.OrderUtils.findOrder(Lorg/springframework/core/annotation/MergedAnnotations;)Ljava/lang/Integer;+3
j  org.springframework.core.annotation.OrderUtils.getOrderFromAnnotations(Ljava/lang/reflect/AnnotatedElement;Lorg/springframework/core/annotation/MergedAnnotations;)Ljava/lang/Integer;+45
j  org.springframework.core.annotation.AnnotationAwareOrderComparator.findOrderFromAnnotation(Ljava/lang/Object;)Ljava/lang/Integer;+31
j  org.springframework.core.annotation.AnnotationAwareOrderComparator.findOrder(Ljava/lang/Object;)Ljava/lang/Integer;+14
j  org.springframework.core.OrderComparator.getOrder(Ljava/lang/Object;)I+6
j  org.springframework.core.OrderComparator.getOrder(Ljava/lang/Object;Lorg/springframework/core/OrderComparator$OrderSourceProvider;)I+107
j  org.springframework.core.OrderComparator.doCompare(Ljava/lang/Object;Ljava/lang/Object;Lorg/springframework/core/OrderComparator$OrderSourceProvider;)I+39
j  org.springframework.core.OrderComparator.compare(Ljava/lang/Object;Ljava/lang/Object;)I+4
j  java.util.TimSort.countRunAndMakeAscending([Ljava/lang/Object;IILjava/util/Comparator;)I+43 java.base@17.0.15
j  java.util.TimSort.sort([Ljava/lang/Object;IILjava/util/Comparator;[Ljava/lang/Object;II)V+60 java.base@17.0.15
j  java.util.Arrays.sort([Ljava/lang/Object;IILjava/util/Comparator;)V+43 java.base@17.0.15
j  java.util.ArrayList.sort(Ljava/util/Comparator;)V+15 java.base@17.0.15
j  org.springframework.core.annotation.AnnotationAwareOrderComparator.sort(Ljava/util/List;)V+14
j  org.springframework.core.io.support.SpringFactoriesLoader.load(Ljava/lang/Class;Lorg/springframework/core/io/support/SpringFactoriesLoader$ArgumentResolver;Lorg/springframework/core/io/support/SpringFactoriesLoader$FailureHandler;)Ljava/util/List;+124
j  org.springframework.core.io.support.SpringFactoriesLoader.load(Ljava/lang/Class;Lorg/springframework/core/io/support/SpringFactoriesLoader$ArgumentResolver;)Ljava/util/List;+4
j  org.springframework.boot.SpringApplication.getSpringFactoriesInstances(Ljava/lang/Class;Lorg/springframework/core/io/support/SpringFactoriesLoader$ArgumentResolver;)Ljava/util/List;+9
j  org.springframework.boot.SpringApplication.getSpringFactoriesInstances(Ljava/lang/Class;)Ljava/util/List;+3
j  org.springframework.boot.SpringApplication.<init>(Lorg/springframework/core/io/ResourceLoader;[Ljava/lang/Class;)V+95
j  org.springframework.boot.SpringApplication.<init>([Ljava/lang/Class;)V+3
j  org.springframework.boot.SpringApplication.run([Ljava/lang/Class;[Ljava/lang/String;)Lorg/springframework/context/ConfigurableApplicationContext;+5
j  org.springframework.boot.SpringApplication.run(Ljava/lang/Class;[Ljava/lang/String;)Lorg/springframework/context/ConfigurableApplicationContext;+9
j  com.lgcns.study_micros.StudyMicrosApplication.main([Ljava/lang/String;)V+3
v  ~StubRoutines::call_stub
invokestatic  184 invokestatic  [0x000001e63746a580, 0x000001e63746a860]  736 bytes
[MachCode]
  0x000001e63746a580: 4883 ec08 | c5fa 1104 | 24eb 1f48 | 83ec 10c5 | fb11 0424 | eb14 4883 | ec10 4889 | 0424 48c7 
  0x000001e63746a5a0: 4424 0800 | 0000 00eb | 0150 4c89 | 6dc0 410f | b755 0148 | 8b4d d0c1 | e202 8b5c | d120 c1eb 
  0x000001e63746a5c0: 1081 e3ff | 0000 0081 | fbb8 0000 | 000f 84b6 | 0000 00bb | b800 0000 | e805 0000 | 00e9 9b00 
  0x000001e63746a5e0: 0000 488b | d348 8d44 | 2408 4c89 | 6dc0 498b | cfc5 f877 | 4989 afa8 | 0200 0049 | 8987 9802 
  0x000001e63746a600: 0000 4883 | ec20 f7c4 | 0f00 0000 | 0f84 1a00 | 0000 4883 | ec08 49ba | 1071 cd3a | f97f 0000 
  0x000001e63746a620: 41ff d248 | 83c4 08e9 | 0d00 0000 | 49ba 1071 | cd3a f97f | 0000 41ff | d248 83c4 | 2049 c787 
  0x000001e63746a640: 9802 0000 | 0000 0000 | 49c7 87a8 | 0200 0000 | 0000 0049 | c787 a002 | 0000 0000 | 0000 c5f8 
  0x000001e63746a660: 7749 817f | 0800 0000 | 000f 8405 | 0000 00e9 | 8c68 feff | 4c8b 6dc0 | 4c8b 75c8 | c341 0fb7 
  0x000001e63746a680: 5501 488b | 4dd0 c1e2 | 0248 8b5c | d128 488b | 5b08 488b | 5b08 488b | 5b18 80bb | 3301 0000 
  0x000001e63746a6a0: 040f 840d | 0000 004c | 3bbb 3801 | 0000 0f85 | 1fff ffff | 488b 5cd1 | 288b 54d1 | 38c1 ea1c 
  0x000001e63746a6c0: 49ba a005 | 503b f97f | 0000 498b | 14d2 5248 | 8b45 d848 | 85c0 0f84 | 1200 0000 | 4883 4008 
  0x000001e63746a6e0: 0148 8358 | 0800 4883 | c010 4889 | 45d8 488b | 45d8 4885 | c00f 8457 | 0100 0080 | 78f0 0a0f 
  0x000001e63746a700: 854d 0100 | 0048 83c0 | 084c 8b68 | f841 83ed | 0041 83fd | 020f 8c2c | 0100 004c | 8b6b 0845 
  0x000001e63746a720: 0fb7 6d2c | 4c2b 2841 | 83ed 014e | 8b6c ec08 | 4d85 ed75 | 1248 f740 | 0801 0000 | 0075 61f0 
  0x000001e63746a740: 4883 4808 | 01eb 5945 | 8b6d 0849 | ba00 0000 | 4ce6 0100 | 004d 03ea | 4d8b d54c | 3368 0849 
  0x000001e63746a760: f7c5 fcff | ffff 7438 | 49f7 c502 | 0000 0075 | 2f48 8178 | 0800 0000 | 0074 2148 | 8178 0801 
  0x000001e63746a780: 0000 0074 | 174d 8bea | 4c33 6808 | 49f7 c5fc | ffff ff74 | 0b48 8348 | 0802 eb04 | 4c89 6808 
  0x000001e63746a7a0: 4883 c010 | 4c8b 68e8 | 4183 ed02 | 4183 fd02 | 0f8c 9100 | 0000 4c8b | 6b08 450f | b76d 2c4c 
  0x000001e63746a7c0: 2b28 4183 | ed01 4e8b | 6cec 084d | 85ed 7512 | 48f7 4008 | 0100 0000 | 7561 f048 | 8348 0801 
  0x000001e63746a7e0: eb59 458b | 6d08 49ba | 0000 004c | e601 0000 | 4d03 ea4d | 8bd5 4c33 | 6808 49f7 | c5fc ffff 
  0x000001e63746a800: ff74 3849 | f7c5 0200 | 0000 752f | 4881 7808 | 0000 0000 | 7421 4881 | 7808 0100 | 0000 7417 
  0x000001e63746a820: 4d8b ea4c | 3368 0849 | f7c5 fcff | ffff 740b | 4883 4808 | 02eb 044c | 8968 0848 | 83c0 104c 
  0x000001e63746a840: 8b68 d841 | 83ed 0441 | c1e5 0349 | 03c5 4889 | 45d8 4c8d | 6c24 084c | 896d f0ff | 6350 6690 
[/MachCode]

---------------  P R O C E S S  ---------------

Threads class SMR info:
_java_thread_list=0x000001e6916d0bc0, length=18, elements={
0x000001e627ba4ea0, 0x000001e627d6e6e0, 0x000001e627d6fb00, 0x000001e627d802d0,
0x000001e627d80ba0, 0x000001e627d81c10, 0x000001e627d84cc0, 0x000001e627d85dd0,
0x000001e64b604fc0, 0x000001e64b6058d0, 0x000001e64b838540, 0x000001e69143e150,
0x000001e69143e630, 0x000001e69180cc60, 0x000001e6260a4a90, 0x000001e6260a68f0,
0x000001e6260a7d30, 0x000001e6260a63e0
}

Java Threads: ( => current thread )
=>0x000001e627ba4ea0 JavaThread "main" [_thread_in_vm, id=8988, stack(0x000000895cf00000,0x000000895d000000)]
  0x000001e627d6e6e0 JavaThread "Reference Handler" daemon [_thread_blocked, id=8460, stack(0x000000895d600000,0x000000895d700000)]
  0x000001e627d6fb00 JavaThread "Finalizer" daemon [_thread_blocked, id=21176, stack(0x000000895d700000,0x000000895d800000)]
  0x000001e627d802d0 JavaThread "Signal Dispatcher" daemon [_thread_blocked, id=31672, stack(0x000000895d800000,0x000000895d900000)]
  0x000001e627d80ba0 JavaThread "Attach Listener" daemon [_thread_blocked, id=668, stack(0x000000895d900000,0x000000895da00000)]
  0x000001e627d81c10 JavaThread "Service Thread" daemon [_thread_blocked, id=3852, stack(0x000000895da00000,0x000000895db00000)]
  0x000001e627d84cc0 JavaThread "Monitor Deflation Thread" daemon [_thread_blocked, id=832, stack(0x000000895db00000,0x000000895dc00000)]
  0x000001e627d85dd0 JavaThread "C2 CompilerThread0" daemon [_thread_in_native, id=25420, stack(0x000000895dc00000,0x000000895dd00000)]
  0x000001e64b604fc0 JavaThread "C1 CompilerThread0" daemon [_thread_blocked, id=30236, stack(0x000000895dd00000,0x000000895de00000)]
  0x000001e64b6058d0 JavaThread "Sweeper thread" daemon [_thread_blocked, id=26512, stack(0x000000895de00000,0x000000895df00000)]
  0x000001e64b838540 JavaThread "Common-Cleaner" daemon [_thread_blocked, id=29072, stack(0x000000895df00000,0x000000895e000000)]
  0x000001e69143e150 JavaThread "Monitor Ctrl-Break" daemon [_thread_in_native, id=26616, stack(0x000000895e100000,0x000000895e200000)]
  0x000001e69143e630 JavaThread "Notification Thread" daemon [_thread_blocked, id=5772, stack(0x000000895e200000,0x000000895e300000)]
  0x000001e69180cc60 JavaThread "C2 CompilerThread1" daemon [_thread_blocked, id=23592, stack(0x000000895e000000,0x000000895e100000)]
  0x000001e6260a4a90 JavaThread "RMI TCP Accept-0" daemon [_thread_in_native, id=21940, stack(0x000000895ec00000,0x000000895ed00000)]
  0x000001e6260a68f0 JavaThread "RMI TCP Connection(1)-10.64.209.135" daemon [_thread_in_native, id=14280, stack(0x000000895ed00000,0x000000895ee00000)]
  0x000001e6260a7d30 JavaThread "RMI Scheduler(0)" daemon [_thread_blocked, id=8084, stack(0x000000895ee00000,0x000000895ef00000)]
  0x000001e6260a63e0 JavaThread "JMX server connection timeout 20" daemon [_thread_blocked, id=25572, stack(0x000000895ef00000,0x000000895f000000)]

Other Threads:
  0x000001e627d6b9c0 VMThread "VM Thread" [stack: 0x000000895d500000,0x000000895d600000] [id=29344]
  0x000001e6916c5c70 WatcherThread [stack: 0x000000895e300000,0x000000895e400000] [id=452]
  0x000001e627c10350 GCTaskThread "GC Thread#0" [stack: 0x000000895d000000,0x000000895d100000] [id=9460]
  0x000001e6917c2310 GCTaskThread "GC Thread#1" [stack: 0x000000895e400000,0x000000895e500000] [id=30836]
  0x000001e6917c25d0 GCTaskThread "GC Thread#2" [stack: 0x000000895e500000,0x000000895e600000] [id=10892]
  0x000001e69179f9f0 GCTaskThread "GC Thread#3" [stack: 0x000000895e600000,0x000000895e700000] [id=31172]
  0x000001e6918daaa0 GCTaskThread "GC Thread#4" [stack: 0x000000895e700000,0x000000895e800000] [id=14276]
  0x000001e6917c2890 GCTaskThread "GC Thread#5" [stack: 0x000000895e800000,0x000000895e900000] [id=26232]
  0x000001e691a2d100 GCTaskThread "GC Thread#6" [stack: 0x000000895e900000,0x000000895ea00000] [id=28944]
  0x000001e6917c3370 GCTaskThread "GC Thread#7" [stack: 0x000000895ea00000,0x000000895eb00000] [id=12868]
  0x000001e627c211a0 ConcurrentGCThread "G1 Main Marker" [stack: 0x000000895d100000,0x000000895d200000] [id=1148]
  0x000001e627c21ac0 ConcurrentGCThread "G1 Conc#0" [stack: 0x000000895d200000,0x000000895d300000] [id=2844]
  0x000001e627cfb1e0 ConcurrentGCThread "G1 Refine#0" [stack: 0x000000895d300000,0x000000895d400000] [id=31544]
  0x000001e69196eaf0 ConcurrentGCThread "G1 Refine#1" [stack: 0x000000895eb00000,0x000000895ec00000] [id=8444]
  0x000001e627cfbb10 ConcurrentGCThread "G1 Service" [stack: 0x000000895d400000,0x000000895d500000] [id=5192]

Threads with active compile tasks:
C2 CompilerThread0     2214 1376   !   4       jdk.internal.loader.URLClassPath$JarLoader::getResource (65 bytes)

VM state: not at safepoint (normal execution)

VM Mutex/Monitor currently owned by a thread:  ([mutex/lock_event])
[0x000001e627ba1250] Metaspace_lock - owner thread: 0x000001e627ba4ea0

Heap address: 0x0000000700000000, size: 4096 MB, Compressed Oops mode: Zero based, Oop shift amount: 3

CDS archive(s) mapped at: [0x000001e64c000000-0x000001e64cbb0000-0x000001e64cbb0000), size 12255232, SharedBaseAddress: 0x000001e64c000000, ArchiveRelocationMode: 1.
Compressed class space mapped at: 0x000001e64d000000-0x000001e68d000000, reserved size: 1073741824
Narrow klass base: 0x000001e64c000000, Narrow klass shift: 0, Narrow klass range: 0x100000000

GC Precious Log:
 CPUs: 8 total, 8 available
 Memory: 16377M
 Large Page Support: Disabled
 NUMA Support: Disabled
 Compressed Oops: Enabled (Zero based)
 Heap Region Size: 2M
 Heap Min Capacity: 8M
 Heap Initial Capacity: 256M
 Heap Max Capacity: 4G
 Pre-touch: Disabled
 Parallel Workers: 8
 Concurrent Workers: 2
 Concurrent Refinement Workers: 8
 Periodic GC: Disabled

Heap:
 garbage-first heap   total 262144K, used 24096K [0x0000000700000000, 0x0000000800000000)
  region size 2048K, 5 young (10240K), 2 survivors (4096K)
 Metaspace       used 9061K, committed 9280K, reserved 1114112K
  class space    used 1003K, committed 1152K, reserved 1048576K

Heap Regions: E=young(eden), S=young(survivor), O=old, HS=humongous(starts), HC=humongous(continues), CS=collection set, F=free, OA=open archive, CA=closed archive, TAMS=top-at-mark-start (previous, next)
|   0|0x0000000700000000, 0x0000000700200000, 0x0000000700200000|100%| O|  |TAMS 0x0000000700000000, 0x0000000700000000| Untracked 
|   1|0x0000000700200000, 0x0000000700400000, 0x0000000700400000|100%| O|  |TAMS 0x0000000700200000, 0x0000000700200000| Untracked 
|   2|0x0000000700400000, 0x0000000700600000, 0x0000000700600000|100%| O|  |TAMS 0x0000000700400000, 0x0000000700400000| Untracked 
|   3|0x0000000700600000, 0x0000000700800000, 0x0000000700800000|100%| O|  |TAMS 0x0000000700600000, 0x0000000700600000| Untracked 
|   4|0x0000000700800000, 0x0000000700a00000, 0x0000000700a00000|100%| O|  |TAMS 0x0000000700800000, 0x0000000700800000| Untracked 
|   5|0x0000000700a00000, 0x0000000700c00000, 0x0000000700c00000|100%| O|  |TAMS 0x0000000700a00000, 0x0000000700a00000| Untracked 
|   6|0x0000000700c00000, 0x0000000700e00000, 0x0000000700e00000|100%| O|  |TAMS 0x0000000700c00000, 0x0000000700c00000| Untracked 
|   7|0x0000000700e00000, 0x0000000700f88000, 0x0000000701000000| 76%| O|  |TAMS 0x0000000700e00000, 0x0000000700e00000| Untracked 
|   8|0x0000000701000000, 0x0000000701000000, 0x0000000701200000|  0%| F|  |TAMS 0x0000000701000000, 0x0000000701000000| Untracked 
|   9|0x0000000701200000, 0x0000000701200000, 0x0000000701400000|  0%| F|  |TAMS 0x0000000701200000, 0x0000000701200000| Untracked 
|  10|0x0000000701400000, 0x0000000701400000, 0x0000000701600000|  0%| F|  |TAMS 0x0000000701400000, 0x0000000701400000| Untracked 
|  11|0x0000000701600000, 0x0000000701600000, 0x0000000701800000|  0%| F|  |TAMS 0x0000000701600000, 0x0000000701600000| Untracked 
|  12|0x0000000701800000, 0x0000000701800000, 0x0000000701a00000|  0%| F|  |TAMS 0x0000000701800000, 0x0000000701800000| Untracked 
|  13|0x0000000701a00000, 0x0000000701a00000, 0x0000000701c00000|  0%| F|  |TAMS 0x0000000701a00000, 0x0000000701a00000| Untracked 
|  14|0x0000000701c00000, 0x0000000701c00000, 0x0000000701e00000|  0%| F|  |TAMS 0x0000000701c00000, 0x0000000701c00000| Untracked 
|  15|0x0000000701e00000, 0x0000000701e00000, 0x0000000702000000|  0%| F|  |TAMS 0x0000000701e00000, 0x0000000701e00000| Untracked 
|  16|0x0000000702000000, 0x0000000702000000, 0x0000000702200000|  0%| F|  |TAMS 0x0000000702000000, 0x0000000702000000| Untracked 
|  17|0x0000000702200000, 0x0000000702200000, 0x0000000702400000|  0%| F|  |TAMS 0x0000000702200000, 0x0000000702200000| Untracked 
|  18|0x0000000702400000, 0x0000000702400000, 0x0000000702600000|  0%| F|  |TAMS 0x0000000702400000, 0x0000000702400000| Untracked 
|  19|0x0000000702600000, 0x0000000702600000, 0x0000000702800000|  0%| F|  |TAMS 0x0000000702600000, 0x0000000702600000| Untracked 
|  20|0x0000000702800000, 0x0000000702800000, 0x0000000702a00000|  0%| F|  |TAMS 0x0000000702800000, 0x0000000702800000| Untracked 
|  21|0x0000000702a00000, 0x0000000702a00000, 0x0000000702c00000|  0%| F|  |TAMS 0x0000000702a00000, 0x0000000702a00000| Untracked 
|  22|0x0000000702c00000, 0x0000000702c00000, 0x0000000702e00000|  0%| F|  |TAMS 0x0000000702c00000, 0x0000000702c00000| Untracked 
|  23|0x0000000702e00000, 0x0000000702e00000, 0x0000000703000000|  0%| F|  |TAMS 0x0000000702e00000, 0x0000000702e00000| Untracked 
|  24|0x0000000703000000, 0x0000000703000000, 0x0000000703200000|  0%| F|  |TAMS 0x0000000703000000, 0x0000000703000000| Untracked 
|  25|0x0000000703200000, 0x0000000703200000, 0x0000000703400000|  0%| F|  |TAMS 0x0000000703200000, 0x0000000703200000| Untracked 
|  26|0x0000000703400000, 0x0000000703400000, 0x0000000703600000|  0%| F|  |TAMS 0x0000000703400000, 0x0000000703400000| Untracked 
|  27|0x0000000703600000, 0x0000000703600000, 0x0000000703800000|  0%| F|  |TAMS 0x0000000703600000, 0x0000000703600000| Untracked 
|  28|0x0000000703800000, 0x0000000703800000, 0x0000000703a00000|  0%| F|  |TAMS 0x0000000703800000, 0x0000000703800000| Untracked 
|  29|0x0000000703a00000, 0x0000000703a00000, 0x0000000703c00000|  0%| F|  |TAMS 0x0000000703a00000, 0x0000000703a00000| Untracked 
|  30|0x0000000703c00000, 0x0000000703c00000, 0x0000000703e00000|  0%| F|  |TAMS 0x0000000703c00000, 0x0000000703c00000| Untracked 
|  31|0x0000000703e00000, 0x0000000703e00000, 0x0000000704000000|  0%| F|  |TAMS 0x0000000703e00000, 0x0000000703e00000| Untracked 
|  32|0x0000000704000000, 0x0000000704000000, 0x0000000704200000|  0%| F|  |TAMS 0x0000000704000000, 0x0000000704000000| Untracked 
|  33|0x0000000704200000, 0x0000000704200000, 0x0000000704400000|  0%| F|  |TAMS 0x0000000704200000, 0x0000000704200000| Untracked 
|  34|0x0000000704400000, 0x0000000704400000, 0x0000000704600000|  0%| F|  |TAMS 0x0000000704400000, 0x0000000704400000| Untracked 
|  35|0x0000000704600000, 0x0000000704600000, 0x0000000704800000|  0%| F|  |TAMS 0x0000000704600000, 0x0000000704600000| Untracked 
|  36|0x0000000704800000, 0x0000000704800000, 0x0000000704a00000|  0%| F|  |TAMS 0x0000000704800000, 0x0000000704800000| Untracked 
|  37|0x0000000704a00000, 0x0000000704a00000, 0x0000000704c00000|  0%| F|  |TAMS 0x0000000704a00000, 0x0000000704a00000| Untracked 
|  38|0x0000000704c00000, 0x0000000704c00000, 0x0000000704e00000|  0%| F|  |TAMS 0x0000000704c00000, 0x0000000704c00000| Untracked 
|  39|0x0000000704e00000, 0x0000000704e00000, 0x0000000705000000|  0%| F|  |TAMS 0x0000000704e00000, 0x0000000704e00000| Untracked 
|  40|0x0000000705000000, 0x0000000705000000, 0x0000000705200000|  0%| F|  |TAMS 0x0000000705000000, 0x0000000705000000| Untracked 
|  41|0x0000000705200000, 0x0000000705200000, 0x0000000705400000|  0%| F|  |TAMS 0x0000000705200000, 0x0000000705200000| Untracked 
|  42|0x0000000705400000, 0x0000000705400000, 0x0000000705600000|  0%| F|  |TAMS 0x0000000705400000, 0x0000000705400000| Untracked 
|  43|0x0000000705600000, 0x0000000705600000, 0x0000000705800000|  0%| F|  |TAMS 0x0000000705600000, 0x0000000705600000| Untracked 
|  44|0x0000000705800000, 0x0000000705800000, 0x0000000705a00000|  0%| F|  |TAMS 0x0000000705800000, 0x0000000705800000| Untracked 
|  45|0x0000000705a00000, 0x0000000705a00000, 0x0000000705c00000|  0%| F|  |TAMS 0x0000000705a00000, 0x0000000705a00000| Untracked 
|  46|0x0000000705c00000, 0x0000000705c00000, 0x0000000705e00000|  0%| F|  |TAMS 0x0000000705c00000, 0x0000000705c00000| Untracked 
|  47|0x0000000705e00000, 0x0000000705e00000, 0x0000000706000000|  0%| F|  |TAMS 0x0000000705e00000, 0x0000000705e00000| Untracked 
|  48|0x0000000706000000, 0x0000000706000000, 0x0000000706200000|  0%| F|  |TAMS 0x0000000706000000, 0x0000000706000000| Untracked 
|  49|0x0000000706200000, 0x0000000706200000, 0x0000000706400000|  0%| F|  |TAMS 0x0000000706200000, 0x0000000706200000| Untracked 
|  50|0x0000000706400000, 0x0000000706400000, 0x0000000706600000|  0%| F|  |TAMS 0x0000000706400000, 0x0000000706400000| Untracked 
|  51|0x0000000706600000, 0x0000000706600000, 0x0000000706800000|  0%| F|  |TAMS 0x0000000706600000, 0x0000000706600000| Untracked 
|  52|0x0000000706800000, 0x0000000706800000, 0x0000000706a00000|  0%| F|  |TAMS 0x0000000706800000, 0x0000000706800000| Untracked 
|  53|0x0000000706a00000, 0x0000000706a00000, 0x0000000706c00000|  0%| F|  |TAMS 0x0000000706a00000, 0x0000000706a00000| Untracked 
|  54|0x0000000706c00000, 0x0000000706c00000, 0x0000000706e00000|  0%| F|  |TAMS 0x0000000706c00000, 0x0000000706c00000| Untracked 
|  55|0x0000000706e00000, 0x0000000706e00000, 0x0000000707000000|  0%| F|  |TAMS 0x0000000706e00000, 0x0000000706e00000| Untracked 
|  56|0x0000000707000000, 0x0000000707000000, 0x0000000707200000|  0%| F|  |TAMS 0x0000000707000000, 0x0000000707000000| Untracked 
|  57|0x0000000707200000, 0x0000000707200000, 0x0000000707400000|  0%| F|  |TAMS 0x0000000707200000, 0x0000000707200000| Untracked 
|  58|0x0000000707400000, 0x0000000707400000, 0x0000000707600000|  0%| F|  |TAMS 0x0000000707400000, 0x0000000707400000| Untracked 
|  59|0x0000000707600000, 0x0000000707600000, 0x0000000707800000|  0%| F|  |TAMS 0x0000000707600000, 0x0000000707600000| Untracked 
|  60|0x0000000707800000, 0x0000000707800000, 0x0000000707a00000|  0%| F|  |TAMS 0x0000000707800000, 0x0000000707800000| Untracked 
|  61|0x0000000707a00000, 0x0000000707a00000, 0x0000000707c00000|  0%| F|  |TAMS 0x0000000707a00000, 0x0000000707a00000| Untracked 
|  62|0x0000000707c00000, 0x0000000707c00000, 0x0000000707e00000|  0%| F|  |TAMS 0x0000000707c00000, 0x0000000707c00000| Untracked 
|  63|0x0000000707e00000, 0x0000000707e00000, 0x0000000708000000|  0%| F|  |TAMS 0x0000000707e00000, 0x0000000707e00000| Untracked 
|  64|0x0000000708000000, 0x0000000708000000, 0x0000000708200000|  0%| F|  |TAMS 0x0000000708000000, 0x0000000708000000| Untracked 
|  65|0x0000000708200000, 0x0000000708200000, 0x0000000708400000|  0%| F|  |TAMS 0x0000000708200000, 0x0000000708200000| Untracked 
|  66|0x0000000708400000, 0x0000000708400000, 0x0000000708600000|  0%| F|  |TAMS 0x0000000708400000, 0x0000000708400000| Untracked 
|  67|0x0000000708600000, 0x0000000708600000, 0x0000000708800000|  0%| F|  |TAMS 0x0000000708600000, 0x0000000708600000| Untracked 
|  68|0x0000000708800000, 0x0000000708800000, 0x0000000708a00000|  0%| F|  |TAMS 0x0000000708800000, 0x0000000708800000| Untracked 
|  69|0x0000000708a00000, 0x0000000708a00000, 0x0000000708c00000|  0%| F|  |TAMS 0x0000000708a00000, 0x0000000708a00000| Untracked 
|  70|0x0000000708c00000, 0x0000000708c00000, 0x0000000708e00000|  0%| F|  |TAMS 0x0000000708c00000, 0x0000000708c00000| Untracked 
|  71|0x0000000708e00000, 0x0000000708e00000, 0x0000000709000000|  0%| F|  |TAMS 0x0000000708e00000, 0x0000000708e00000| Untracked 
|  72|0x0000000709000000, 0x0000000709000000, 0x0000000709200000|  0%| F|  |TAMS 0x0000000709000000, 0x0000000709000000| Untracked 
|  73|0x0000000709200000, 0x0000000709200000, 0x0000000709400000|  0%| F|  |TAMS 0x0000000709200000, 0x0000000709200000| Untracked 
|  74|0x0000000709400000, 0x0000000709400000, 0x0000000709600000|  0%| F|  |TAMS 0x0000000709400000, 0x0000000709400000| Untracked 
|  75|0x0000000709600000, 0x0000000709600000, 0x0000000709800000|  0%| F|  |TAMS 0x0000000709600000, 0x0000000709600000| Untracked 
|  76|0x0000000709800000, 0x0000000709800000, 0x0000000709a00000|  0%| F|  |TAMS 0x0000000709800000, 0x0000000709800000| Untracked 
|  77|0x0000000709a00000, 0x0000000709a00000, 0x0000000709c00000|  0%| F|  |TAMS 0x0000000709a00000, 0x0000000709a00000| Untracked 
|  78|0x0000000709c00000, 0x0000000709c00000, 0x0000000709e00000|  0%| F|  |TAMS 0x0000000709c00000, 0x0000000709c00000| Untracked 
|  79|0x0000000709e00000, 0x0000000709e00000, 0x000000070a000000|  0%| F|  |TAMS 0x0000000709e00000, 0x0000000709e00000| Untracked 
|  80|0x000000070a000000, 0x000000070a000000, 0x000000070a200000|  0%| F|  |TAMS 0x000000070a000000, 0x000000070a000000| Untracked 
|  81|0x000000070a200000, 0x000000070a200000, 0x000000070a400000|  0%| F|  |TAMS 0x000000070a200000, 0x000000070a200000| Untracked 
|  82|0x000000070a400000, 0x000000070a400000, 0x000000070a600000|  0%| F|  |TAMS 0x000000070a400000, 0x000000070a400000| Untracked 
|  83|0x000000070a600000, 0x000000070a600000, 0x000000070a800000|  0%| F|  |TAMS 0x000000070a600000, 0x000000070a600000| Untracked 
|  84|0x000000070a800000, 0x000000070a800000, 0x000000070aa00000|  0%| F|  |TAMS 0x000000070a800000, 0x000000070a800000| Untracked 
|  85|0x000000070aa00000, 0x000000070aa00000, 0x000000070ac00000|  0%| F|  |TAMS 0x000000070aa00000, 0x000000070aa00000| Untracked 
|  86|0x000000070ac00000, 0x000000070ac00000, 0x000000070ae00000|  0%| F|  |TAMS 0x000000070ac00000, 0x000000070ac00000| Untracked 
|  87|0x000000070ae00000, 0x000000070ae00000, 0x000000070b000000|  0%| F|  |TAMS 0x000000070ae00000, 0x000000070ae00000| Untracked 
|  88|0x000000070b000000, 0x000000070b000000, 0x000000070b200000|  0%| F|  |TAMS 0x000000070b000000, 0x000000070b000000| Untracked 
|  89|0x000000070b200000, 0x000000070b200000, 0x000000070b400000|  0%| F|  |TAMS 0x000000070b200000, 0x000000070b200000| Untracked 
|  90|0x000000070b400000, 0x000000070b400000, 0x000000070b600000|  0%| F|  |TAMS 0x000000070b400000, 0x000000070b400000| Untracked 
|  91|0x000000070b600000, 0x000000070b600000, 0x000000070b800000|  0%| F|  |TAMS 0x000000070b600000, 0x000000070b600000| Untracked 
|  92|0x000000070b800000, 0x000000070b800000, 0x000000070ba00000|  0%| F|  |TAMS 0x000000070b800000, 0x000000070b800000| Untracked 
|  93|0x000000070ba00000, 0x000000070ba00000, 0x000000070bc00000|  0%| F|  |TAMS 0x000000070ba00000, 0x000000070ba00000| Untracked 
|  94|0x000000070bc00000, 0x000000070bc00000, 0x000000070be00000|  0%| F|  |TAMS 0x000000070bc00000, 0x000000070bc00000| Untracked 
|  95|0x000000070be00000, 0x000000070be00000, 0x000000070c000000|  0%| F|  |TAMS 0x000000070be00000, 0x000000070be00000| Untracked 
|  96|0x000000070c000000, 0x000000070c000000, 0x000000070c200000|  0%| F|  |TAMS 0x000000070c000000, 0x000000070c000000| Untracked 
|  97|0x000000070c200000, 0x000000070c200000, 0x000000070c400000|  0%| F|  |TAMS 0x000000070c200000, 0x000000070c200000| Untracked 
|  98|0x000000070c400000, 0x000000070c400000, 0x000000070c600000|  0%| F|  |TAMS 0x000000070c400000, 0x000000070c400000| Untracked 
|  99|0x000000070c600000, 0x000000070c600000, 0x000000070c800000|  0%| F|  |TAMS 0x000000070c600000, 0x000000070c600000| Untracked 
| 100|0x000000070c800000, 0x000000070c800000, 0x000000070ca00000|  0%| F|  |TAMS 0x000000070c800000, 0x000000070c800000| Untracked 
| 101|0x000000070ca00000, 0x000000070ca00000, 0x000000070cc00000|  0%| F|  |TAMS 0x000000070ca00000, 0x000000070ca00000| Untracked 
| 102|0x000000070cc00000, 0x000000070cc00000, 0x000000070ce00000|  0%| F|  |TAMS 0x000000070cc00000, 0x000000070cc00000| Untracked 
| 103|0x000000070ce00000, 0x000000070ce00000, 0x000000070d000000|  0%| F|  |TAMS 0x000000070ce00000, 0x000000070ce00000| Untracked 
| 104|0x000000070d000000, 0x000000070d000000, 0x000000070d200000|  0%| F|  |TAMS 0x000000070d000000, 0x000000070d000000| Untracked 
| 105|0x000000070d200000, 0x000000070d200000, 0x000000070d400000|  0%| F|  |TAMS 0x000000070d200000, 0x000000070d200000| Untracked 
| 106|0x000000070d400000, 0x000000070d400000, 0x000000070d600000|  0%| F|  |TAMS 0x000000070d400000, 0x000000070d400000| Untracked 
| 107|0x000000070d600000, 0x000000070d600000, 0x000000070d800000|  0%| F|  |TAMS 0x000000070d600000, 0x000000070d600000| Untracked 
| 108|0x000000070d800000, 0x000000070d800000, 0x000000070da00000|  0%| F|  |TAMS 0x000000070d800000, 0x000000070d800000| Untracked 
| 109|0x000000070da00000, 0x000000070da00000, 0x000000070dc00000|  0%| F|  |TAMS 0x000000070da00000, 0x000000070da00000| Untracked 
| 110|0x000000070dc00000, 0x000000070dc00000, 0x000000070de00000|  0%| F|  |TAMS 0x000000070dc00000, 0x000000070dc00000| Untracked 
| 111|0x000000070de00000, 0x000000070de00000, 0x000000070e000000|  0%| F|  |TAMS 0x000000070de00000, 0x000000070de00000| Untracked 
| 112|0x000000070e000000, 0x000000070e000000, 0x000000070e200000|  0%| F|  |TAMS 0x000000070e000000, 0x000000070e000000| Untracked 
| 113|0x000000070e200000, 0x000000070e200000, 0x000000070e400000|  0%| F|  |TAMS 0x000000070e200000, 0x000000070e200000| Untracked 
| 114|0x000000070e400000, 0x000000070e400000, 0x000000070e600000|  0%| F|  |TAMS 0x000000070e400000, 0x000000070e400000| Untracked 
| 115|0x000000070e600000, 0x000000070e600000, 0x000000070e800000|  0%| F|  |TAMS 0x000000070e600000, 0x000000070e600000| Untracked 
| 116|0x000000070e800000, 0x000000070e800000, 0x000000070ea00000|  0%| F|  |TAMS 0x000000070e800000, 0x000000070e800000| Untracked 
| 117|0x000000070ea00000, 0x000000070ea00000, 0x000000070ec00000|  0%| F|  |TAMS 0x000000070ea00000, 0x000000070ea00000| Untracked 
| 118|0x000000070ec00000, 0x000000070ee00000, 0x000000070ee00000|100%| S|CS|TAMS 0x000000070ec00000, 0x000000070ec00000| Complete 
| 119|0x000000070ee00000, 0x000000070f000000, 0x000000070f000000|100%| S|CS|TAMS 0x000000070ee00000, 0x000000070ee00000| Complete 
| 120|0x000000070f000000, 0x000000070f000000, 0x000000070f200000|  0%| F|  |TAMS 0x000000070f000000, 0x000000070f000000| Untracked 
| 121|0x000000070f200000, 0x000000070f200000, 0x000000070f400000|  0%| F|  |TAMS 0x000000070f200000, 0x000000070f200000| Untracked 
| 122|0x000000070f400000, 0x000000070f400000, 0x000000070f600000|  0%| F|  |TAMS 0x000000070f400000, 0x000000070f400000| Untracked 
| 123|0x000000070f600000, 0x000000070f600000, 0x000000070f800000|  0%| F|  |TAMS 0x000000070f600000, 0x000000070f600000| Untracked 
| 124|0x000000070f800000, 0x000000070f800000, 0x000000070fa00000|  0%| F|  |TAMS 0x000000070f800000, 0x000000070f800000| Untracked 
| 125|0x000000070fa00000, 0x000000070fabac58, 0x000000070fc00000| 36%| E|  |TAMS 0x000000070fa00000, 0x000000070fa00000| Complete 
| 126|0x000000070fc00000, 0x000000070fe00000, 0x000000070fe00000|100%| E|CS|TAMS 0x000000070fc00000, 0x000000070fc00000| Complete 
| 127|0x000000070fe00000, 0x0000000710000000, 0x0000000710000000|100%| E|CS|TAMS 0x000000070fe00000, 0x000000070fe00000| Complete 

Card table byte_map: [0x000001e63fc70000,0x000001e640470000] _byte_map_base: 0x000001e63c470000

Marking Bits (Prev, Next): (CMBitMap*) 0x000001e627c10870, (CMBitMap*) 0x000001e627c108b0
 Prev Bits: [0x000001e640c70000, 0x000001e644c70000)
 Next Bits: [0x000001e644c70000, 0x000001e648c70000)

Polling page: 0x000001e627d90000

Metaspace:

Usage:
  Non-class:      7.87 MB used.
      Class:   1003.77 KB used.
       Both:      8.85 MB used.

Virtual space:
  Non-class space:       64.00 MB reserved,       7.94 MB ( 12%) committed,  1 nodes.
      Class space:        1.00 GB reserved,       1.12 MB ( <1%) committed,  1 nodes.
             Both:        1.06 GB reserved,       9.06 MB ( <1%) committed. 

Chunk freelists:
   Non-Class:  8.05 MB
       Class:  14.72 MB
        Both:  22.77 MB

MaxMetaspaceSize: unlimited
CompressedClassSpaceSize: 1.00 GB
Initial GC threshold: 21.00 MB
Current GC threshold: 21.00 MB
CDS: on
MetaspaceReclaimPolicy: balanced
 - commit_granule_bytes: 65536.
 - commit_granule_words: 8192.
 - virtual_space_node_default_size: 8388608.
 - enlarge_chunks_in_place: 1.
 - new_chunks_are_fully_committed: 0.
 - uncommit_free_chunks: 1.
 - use_allocation_guard: 0.
 - handle_deallocations: 1.


Internal statistics:

num_allocs_failed_limit: 0.
num_arena_births: 178.
num_arena_deaths: 0.
num_vsnodes_births: 2.
num_vsnodes_deaths: 0.
num_space_committed: 145.
num_space_uncommitted: 0.
num_chunks_returned_to_freelist: 0.
num_chunks_taken_from_freelist: 319.
num_chunk_merges: 0.
num_chunk_splits: 180.
num_chunks_enlarged: 92.
num_inconsistent_stats: 0.

CodeHeap 'non-profiled nmethods': size=120000Kb used=641Kb max_used=641Kb free=119358Kb
 bounds [0x000001e6379f0000, 0x000001e637c60000, 0x000001e63ef20000]
CodeHeap 'profiled nmethods': size=120000Kb used=2480Kb max_used=2480Kb free=117520Kb
 bounds [0x000001e62ff20000, 0x000001e630190000, 0x000001e637450000]
CodeHeap 'non-nmethods': size=5760Kb used=1179Kb max_used=1207Kb free=4580Kb
 bounds [0x000001e637450000, 0x000001e6376c0000, 0x000001e6379f0000]
 total_blobs=1913 nmethods=1436 adapters=390
 compilation: enabled
              stopped_count=0, restarted_count=0
 full_count=0

Compilation events (20 events):
Event: 2.107 Thread 0x000001e64b604fc0 1428       3       jdk.internal.loader.URLClassPath$JarLoader$2::getManifest (26 bytes)
Event: 2.107 Thread 0x000001e64b604fc0 nmethod 1428 0x000001e630183810 code [0x000001e630183a40, 0x000001e6301840e8]
Event: 2.107 Thread 0x000001e64b604fc0 1429       3       java.util.jar.JavaUtilJarAccessImpl::ensureInitialization (5 bytes)
Event: 2.108 Thread 0x000001e64b604fc0 nmethod 1429 0x000001e630184410 code [0x000001e6301845c0, 0x000001e630184788]
Event: 2.108 Thread 0x000001e64b604fc0 1430       3       jdk.internal.loader.URLClassPath$JarLoader$2::getCodeSigners (8 bytes)
Event: 2.108 Thread 0x000001e64b604fc0 nmethod 1430 0x000001e630184890 code [0x000001e630184a40, 0x000001e630184c28]
Event: 2.109 Thread 0x000001e69180cc60 1431       4       java.util.ArrayList::add (25 bytes)
Event: 2.112 Thread 0x000001e64b604fc0 1432       3       sun.reflect.generics.parser.SignatureParser::skipIdentifier (67 bytes)
Event: 2.112 Thread 0x000001e64b604fc0 nmethod 1432 0x000001e630184d10 code [0x000001e630184f20, 0x000001e630185488]
Event: 2.115 Thread 0x000001e64b604fc0 1433       3       jdk.internal.org.objectweb.asm.Type::getReturnTypeOffset (64 bytes)
Event: 2.117 Thread 0x000001e64b604fc0 nmethod 1433 0x000001e630185610 code [0x000001e630185940, 0x000001e630186cd8]
Event: 2.117 Thread 0x000001e64b604fc0 1434       3       jdk.internal.org.objectweb.asm.Frame::merge (317 bytes)
Event: 2.117 Thread 0x000001e64b604fc0 nmethod 1434 0x000001e630187410 code [0x000001e630187640, 0x000001e630187f48]
Event: 2.118 Thread 0x000001e64b604fc0 1437   !   3       java.util.concurrent.ConcurrentHashMap::computeIfAbsent (576 bytes)
Event: 2.118 Thread 0x000001e69180cc60 nmethod 1431 0x000001e637a8f710 code [0x000001e637a8f8a0, 0x000001e637a90058]
Event: 2.118 Thread 0x000001e69180cc60 1435       4       jdk.internal.org.objectweb.asm.ByteVector::putByte (39 bytes)
Event: 2.121 Thread 0x000001e69180cc60 nmethod 1435 0x000001e637a90290 code [0x000001e637a90420, 0x000001e637a90568]
Event: 2.122 Thread 0x000001e64b604fc0 nmethod 1437 0x000001e630188190 code [0x000001e6301885a0, 0x000001e63018a918]
Event: 2.122 Thread 0x000001e64b604fc0 1436       3       java.security.AccessController::doPrivileged (9 bytes)
Event: 2.123 Thread 0x000001e64b604fc0 nmethod 1436 0x000001e63018b990 code [0x000001e63018bb60, 0x000001e63018be98]

GC Heap History (4 events):
Event: 1.575 GC heap before
{Heap before GC invocations=0 (full 0):
 garbage-first heap   total 262144K, used 20480K [0x0000000700000000, 0x0000000800000000)
  region size 2048K, 11 young (22528K), 0 survivors (0K)
 Metaspace       used 5896K, committed 6016K, reserved 1114112K
  class space    used 637K, committed 704K, reserved 1048576K
}
Event: 1.588 GC heap after
{Heap after GC invocations=1 (full 0):
 garbage-first heap   total 262144K, used 10902K [0x0000000700000000, 0x0000000800000000)
  region size 2048K, 2 young (4096K), 2 survivors (4096K)
 Metaspace       used 5896K, committed 6016K, reserved 1114112K
  class space    used 637K, committed 704K, reserved 1048576K
}
Event: 1.868 GC heap before
{Heap before GC invocations=1 (full 0):
 garbage-first heap   total 262144K, used 25238K [0x0000000700000000, 0x0000000800000000)
  region size 2048K, 10 young (20480K), 2 survivors (4096K)
 Metaspace       used 7899K, committed 8064K, reserved 1114112K
  class space    used 863K, committed 960K, reserved 1048576K
}
Event: 1.881 GC heap after
{Heap after GC invocations=2 (full 0):
 garbage-first heap   total 262144K, used 20000K [0x0000000700000000, 0x0000000800000000)
  region size 2048K, 2 young (4096K), 2 survivors (4096K)
 Metaspace       used 7899K, committed 8064K, reserved 1114112K
  class space    used 863K, committed 960K, reserved 1048576K
}

Dll operation events (11 events):
Event: 0.016 Loaded shared library C:\Users\63200736\.jdks\corretto-17.0.15\bin\java.dll
Event: 0.044 Loaded shared library C:\Users\63200736\.jdks\corretto-17.0.15\bin\jsvml.dll
Event: 0.523 Loaded shared library C:\Users\63200736\.jdks\corretto-17.0.15\bin\zip.dll
Event: 0.529 Loaded shared library C:\Users\63200736\.jdks\corretto-17.0.15\bin\instrument.dll
Event: 0.546 Loaded shared library C:\Users\63200736\.jdks\corretto-17.0.15\bin\net.dll
Event: 0.561 Loaded shared library C:\Users\63200736\.jdks\corretto-17.0.15\bin\nio.dll
Event: 0.585 Loaded shared library C:\Users\63200736\.jdks\corretto-17.0.15\bin\zip.dll
Event: 0.728 Loaded shared library C:\Users\63200736\.jdks\corretto-17.0.15\bin\jimage.dll
Event: 1.049 Loaded shared library C:\Users\63200736\.jdks\corretto-17.0.15\bin\extnet.dll
Event: 1.058 Loaded shared library C:\Users\63200736\.jdks\corretto-17.0.15\bin\management.dll
Event: 1.084 Loaded shared library C:\Users\63200736\.jdks\corretto-17.0.15\bin\management_ext.dll

Deoptimization events (20 events):
Event: 1.957 Thread 0x000001e627ba4ea0 DEOPT PACKING pc=0x000001e630145afa sp=0x000000895cffc740
Event: 1.957 Thread 0x000001e627ba4ea0 DEOPT UNPACKING pc=0x000001e6374a7143 sp=0x000000895cffbb98 mode 0
Event: 1.957 Thread 0x000001e627ba4ea0 DEOPT PACKING pc=0x000001e630145afa sp=0x000000895cffc740
Event: 1.957 Thread 0x000001e627ba4ea0 DEOPT UNPACKING pc=0x000001e6374a7143 sp=0x000000895cffbb98 mode 0
Event: 1.961 Thread 0x000001e627ba4ea0 Uncommon trap: trap_request=0xffffffc6 fr.pc=0x000001e637a80adc relative=0x000000000000157c
Event: 1.961 Thread 0x000001e627ba4ea0 Uncommon trap: reason=bimorphic_or_optimized_type_check action=maybe_recompile pc=0x000001e637a80adc method=java.util.HashMap.putVal(ILjava/lang/Object;Ljava/lang/Object;ZZ)Ljava/lang/Object; @ 91 c2
Event: 1.961 Thread 0x000001e627ba4ea0 DEOPT PACKING pc=0x000001e637a80adc sp=0x000000895cffcd20
Event: 1.961 Thread 0x000001e627ba4ea0 DEOPT UNPACKING pc=0x000001e6374a69a3 sp=0x000000895cffcd00 mode 2
Event: 1.962 Thread 0x000001e627ba4ea0 Uncommon trap: trap_request=0xffffffc6 fr.pc=0x000001e637a77338 relative=0x00000000000016d8
Event: 1.962 Thread 0x000001e627ba4ea0 Uncommon trap: reason=bimorphic_or_optimized_type_check action=maybe_recompile pc=0x000001e637a77338 method=java.util.HashMap.putVal(ILjava/lang/Object;Ljava/lang/Object;ZZ)Ljava/lang/Object; @ 91 c2
Event: 1.962 Thread 0x000001e627ba4ea0 DEOPT PACKING pc=0x000001e637a77338 sp=0x000000895cffced0
Event: 1.962 Thread 0x000001e627ba4ea0 DEOPT UNPACKING pc=0x000001e6374a69a3 sp=0x000000895cffce28 mode 2
Event: 1.985 Thread 0x000001e627ba4ea0 Uncommon trap: trap_request=0xffffff6e fr.pc=0x000001e637a82b74 relative=0x0000000000000274
Event: 1.985 Thread 0x000001e627ba4ea0 Uncommon trap: reason=loop_limit_check action=maybe_recompile pc=0x000001e637a82b74 method=java.math.BigInteger.implMulAdd([I[IIII)I @ 26 c2
Event: 1.985 Thread 0x000001e627ba4ea0 DEOPT PACKING pc=0x000001e637a82b74 sp=0x000000895cffc7c0
Event: 1.985 Thread 0x000001e627ba4ea0 DEOPT UNPACKING pc=0x000001e6374a69a3 sp=0x000000895cffc710 mode 2
Event: 2.030 Thread 0x000001e627ba4ea0 Uncommon trap: trap_request=0xffffff45 fr.pc=0x000001e637a71fb8 relative=0x0000000000001df8
Event: 2.030 Thread 0x000001e627ba4ea0 Uncommon trap: reason=unstable_if action=reinterpret pc=0x000001e637a71fb8 method=java.util.jar.Attributes$Name.hash(Ljava/lang/String;)I @ 96 c2
Event: 2.030 Thread 0x000001e627ba4ea0 DEOPT PACKING pc=0x000001e637a71fb8 sp=0x000000895cffa780
Event: 2.030 Thread 0x000001e627ba4ea0 DEOPT UNPACKING pc=0x000001e6374a69a3 sp=0x000000895cffa588 mode 2

Classes loaded (20 events):
Event: 2.084 Loading class java/io/UnsupportedEncodingException
Event: 2.084 Loading class java/io/UnsupportedEncodingException done
Event: 2.084 Loading class java/nio/charset/CharacterCodingException
Event: 2.084 Loading class java/nio/charset/CharacterCodingException done
Event: 2.090 Loading class javax/management/MalformedObjectNameException
Event: 2.090 Loading class javax/management/MalformedObjectNameException done
Event: 2.091 Loading class javax/management/remote/rmi/RMIConnectionImpl$PrivilegedOperation
Event: 2.092 Loading class javax/management/remote/rmi/RMIConnectionImpl$PrivilegedOperation done
Event: 2.095 Loading class sun/reflect/misc/MethodUtil
Event: 2.095 Loading class sun/reflect/misc/MethodUtil done
Event: 2.096 Loading class sun/reflect/misc/MethodUtil$1
Event: 2.096 Loading class sun/reflect/misc/MethodUtil$1 done
Event: 2.097 Loading class java/security/AllPermissionCollection
Event: 2.097 Loading class java/security/AllPermissionCollection done
Event: 2.111 Loading class java/lang/NoSuchFieldError
Event: 2.111 Loading class java/lang/NoSuchFieldError done
Event: 2.112 Loading class java/lang/FunctionalInterface
Event: 2.112 Loading class java/lang/FunctionalInterface done
Event: 2.124 Loading class java/util/NoSuchElementException
Event: 2.124 Loading class java/util/NoSuchElementException done

Classes unloaded (0 events):
No events

Classes redefined (0 events):
No events

Internal exceptions (17 events):
Event: 1.022 Thread 0x000001e69143e150 Exception <a 'java/lang/NoSuchMethodError'{0x000000070f086458}: 'java.lang.Object java.lang.invoke.DirectMethodHandle$Holder.invokeStaticInit(java.lang.Object)'> (0x000000070f086458) 
thrown [s\src\hotspot\share\interpreter\linkResolver.cpp, line 759]
Event: 1.053 Thread 0x000001e69143e150 Exception <a 'java/lang/NoSuchMethodError'{0x000000070f094160}: 'void java.lang.invoke.DirectMethodHandle$Holder.invokeStatic(java.lang.Object, java.lang.Object)'> (0x000000070f094160) 
thrown [s\src\hotspot\share\interpreter\linkResolver.cpp, line 759]
Event: 1.094 Thread 0x000001e627d80ba0 Exception <a 'java/lang/NoSuchMethodError'{0x000000070f123900}: 'int java.lang.invoke.DirectMethodHandle$Holder.invokeInterface(java.lang.Object, java.lang.Object)'> (0x000000070f123900) 
thrown [s\src\hotspot\share\interpreter\linkResolver.cpp, line 759]
Event: 1.095 Thread 0x000001e627d80ba0 Exception <a 'java/lang/IncompatibleClassChangeError'{0x000000070f126f00}: Found class java.lang.Object, but interface was expected> (0x000000070f126f00) 
thrown [s\src\hotspot\share\interpreter\linkResolver.cpp, line 826]
Event: 1.219 Thread 0x000001e627d80ba0 Exception <a 'java/lang/NoSuchMethodError'{0x000000070efe1458}: 'int java.lang.invoke.DirectMethodHandle$Holder.invokeSpecial(java.lang.Object, java.lang.Object, java.lang.Object)'> (0x000000070efe1458) 
thrown [s\src\hotspot\share\interpreter\linkResolver.cpp, line 759]
Event: 1.250 Thread 0x000001e627ba4ea0 Exception <a 'java/lang/NoSuchMethodError'{0x000000070eca5808}: 'java.lang.Object java.lang.invoke.DirectMethodHandle$Holder.invokeSpecial(java.lang.Object, java.lang.Object, java.lang.Object, long, java.lang.Object)'> (0x000000070eca5808) 
thrown [s\src\hotspot\share\interpreter\linkResolver.cpp, line 759]
Event: 1.254 Thread 0x000001e627ba4ea0 Exception <a 'java/lang/NoSuchMethodError'{0x000000070eca93d8}: 'java.lang.Object java.lang.invoke.Invokers$Holder.linkToTargetMethod(java.lang.Object, long, java.lang.Object, java.lang.Object)'> (0x000000070eca93d8) 
thrown [s\src\hotspot\share\interpreter\linkResolver.cpp, line 759]
Event: 1.358 Thread 0x000001e627d80ba0 Exception <a 'java/lang/NoSuchMethodError'{0x000000070ed4ed00}: 'void java.lang.invoke.DirectMethodHandle$Holder.invokeStatic(java.lang.Object, java.lang.Object, java.lang.Object)'> (0x000000070ed4ed00) 
thrown [s\src\hotspot\share\interpreter\linkResolver.cpp, line 759]
Event: 1.369 Thread 0x000001e627ba4ea0 Implicit null exception at 0x000001e637a306fe to 0x000001e637a319fc
Event: 1.473 Thread 0x000001e627d80ba0 Exception <a 'java/lang/NoSuchMethodError'{0x000000070ea6a590}: 'java.lang.Object java.lang.invoke.DirectMethodHandle$Holder.invokeStaticInit(java.lang.Object, int, int, int, int)'> (0x000000070ea6a590) 
thrown [s\src\hotspot\share\interpreter\linkResolver.cpp, line 759]
Event: 1.547 Thread 0x000001e627ba4ea0 Exception <a 'java/lang/NoSuchMethodError'{0x000000070ebc17a0}: 'void java.lang.invoke.DirectMethodHandle$Holder.invokeStatic(java.lang.Object, java.lang.Object, java.lang.Object, java.lang.Object)'> (0x000000070ebc17a0) 
thrown [s\src\hotspot\share\interpreter\linkResolver.cpp, line 759]
Event: 1.618 Thread 0x000001e627d80ba0 Exception <a 'java/lang/NoSuchMethodError'{0x000000070ff00020}: 'java.lang.Object java.lang.invoke.DirectMethodHandle$Holder.invokeStaticInit(java.lang.Object, java.lang.Object, int, int, int, int)'> (0x000000070ff00020) 
thrown [s\src\hotspot\share\interpreter\linkResolver.cpp, line 759]
Event: 1.662 Thread 0x000001e627ba4ea0 Exception <a 'java/lang/NoSuchMethodError'{0x000000070ff9b7a0}: 'int java.lang.invoke.DirectMethodHandle$Holder.invokeStaticInit(java.lang.Object, java.lang.Object)'> (0x000000070ff9b7a0) 
thrown [s\src\hotspot\share\interpreter\linkResolver.cpp, line 759]
Event: 1.665 Thread 0x000001e627d80ba0 Exception <a 'java/lang/ClassNotFoundException'{0x000000070ff1e370}: javax/management/remote/rmi/RMIServerImpl_Skel> (0x000000070ff1e370) 
thrown [s\src\hotspot\share\classfile\systemDictionary.cpp, line 256]
Event: 2.036 Thread 0x000001e6260a68f0 Exception <a 'java/lang/NoSuchMethodError'{0x000000070fcc2688}: static [B.<clinit>()V> (0x000000070fcc2688) 
thrown [s\src\hotspot\share\prims\jni.cpp, line 1112]
Event: 2.067 Thread 0x000001e6260a68f0 Exception <a 'java/lang/ClassNotFoundException'{0x000000070fda2378}: javax/management/remote/rmi/RMIConnectionImpl_Skel> (0x000000070fda2378) 
thrown [s\src\hotspot\share\classfile\systemDictionary.cpp, line 256]
Event: 2.076 Thread 0x000001e6260a63e0 Exception <a 'java/lang/NoSuchMethodError'{0x000000070fdd69e8}: 'java.lang.Object java.lang.invoke.Invokers$Holder.linkToTargetMethod(java.lang.Object, long, java.lang.Object)'> (0x000000070fdd69e8) 
thrown [s\src\hotspot\share\interpreter\linkResolver.cpp, line 759]

VM Operations (20 events):
Event: 1.017 Executing VM operation: HandshakeAllThreads
Event: 1.017 Executing VM operation: HandshakeAllThreads done
Event: 1.088 Executing VM operation: HandshakeAllThreads
Event: 1.088 Executing VM operation: HandshakeAllThreads done
Event: 1.088 Executing VM operation: Cleanup
Event: 1.089 Executing VM operation: Cleanup done
Event: 1.103 Executing VM operation: HandshakeAllThreads
Event: 1.103 Executing VM operation: HandshakeAllThreads done
Event: 1.128 Executing VM operation: HandshakeAllThreads
Event: 1.128 Executing VM operation: HandshakeAllThreads done
Event: 1.146 Executing VM operation: HandshakeAllThreads
Event: 1.146 Executing VM operation: HandshakeAllThreads done
Event: 1.574 Executing VM operation: G1CollectForAllocation
Event: 1.588 Executing VM operation: G1CollectForAllocation done
Event: 1.725 Executing VM operation: HandshakeAllThreads
Event: 1.725 Executing VM operation: HandshakeAllThreads done
Event: 1.868 Executing VM operation: G1CollectForAllocation
Event: 1.881 Executing VM operation: G1CollectForAllocation done
Event: 2.053 Executing VM operation: HandshakeAllThreads
Event: 2.065 Executing VM operation: HandshakeAllThreads done

Memory protections (0 events):
No events

Nmethod flushes (0 events):
No events

Events (20 events):
Event: 0.045 Thread 0x000001e627ba4ea0 Thread added: 0x000001e627ba4ea0
Event: 0.061 Thread 0x000001e627ba4ea0 Thread added: 0x000001e627d6e6e0
Event: 0.062 Thread 0x000001e627ba4ea0 Thread added: 0x000001e627d6fb00
Event: 0.077 Thread 0x000001e627ba4ea0 Thread added: 0x000001e627d802d0
Event: 0.077 Thread 0x000001e627ba4ea0 Thread added: 0x000001e627d80ba0
Event: 0.077 Thread 0x000001e627ba4ea0 Thread added: 0x000001e627d81c10
Event: 0.077 Thread 0x000001e627ba4ea0 Thread added: 0x000001e627d84cc0
Event: 0.077 Thread 0x000001e627ba4ea0 Thread added: 0x000001e627d85dd0
Event: 0.077 Thread 0x000001e627ba4ea0 Thread added: 0x000001e64b604fc0
Event: 0.078 Thread 0x000001e627ba4ea0 Thread added: 0x000001e64b6058d0
Event: 0.489 Thread 0x000001e627ba4ea0 Thread added: 0x000001e64b838540
Event: 0.512 Thread 0x000001e64b604fc0 Thread added: 0x000001e64b8426f0
Event: 1.011 Thread 0x000001e627ba4ea0 Thread added: 0x000001e69143e150
Event: 1.011 Thread 0x000001e627ba4ea0 Thread added: 0x000001e69143e630
Event: 1.038 Thread 0x000001e64b8426f0 Thread exited: 0x000001e64b8426f0
Event: 1.233 Thread 0x000001e64b604fc0 Thread added: 0x000001e69180cc60
Event: 1.680 Thread 0x000001e627d80ba0 Thread added: 0x000001e6260a4a90
Event: 1.733 Thread 0x000001e6260a4a90 Thread added: 0x000001e6260a68f0
Event: 2.035 Thread 0x000001e6260a68f0 Thread added: 0x000001e6260a7d30
Event: 2.050 Thread 0x000001e6260a68f0 Thread added: 0x000001e6260a63e0


Dynamic libraries:
0x00007ff6a10a0000 - 0x00007ff6a10ae000 	C:\Users\63200736\.jdks\corretto-17.0.15\bin\java.exe
0x00007ff9be590000 - 0x00007ff9be7a7000 	C:\windows\SYSTEM32\ntdll.dll
0x00007ff9bdf00000 - 0x00007ff9bdfc4000 	C:\windows\System32\KERNEL32.DLL
0x00007ff9bbee0000 - 0x00007ff9bc28d000 	C:\windows\System32\KERNELBASE.dll
0x00007ff9bbd20000 - 0x00007ff9bbe31000 	C:\windows\System32\ucrtbase.dll
0x00007ff9a2320000 - 0x00007ff9a2337000 	C:\Users\63200736\.jdks\corretto-17.0.15\bin\jli.dll
0x00007ff9be2a0000 - 0x00007ff9be44e000 	C:\windows\System32\USER32.dll
0x00007ff9bb9d0000 - 0x00007ff9bb9f6000 	C:\windows\System32\win32u.dll
0x00007ff9bd660000 - 0x00007ff9bd689000 	C:\windows\System32\GDI32.dll
0x00007ff9bb8b0000 - 0x00007ff9bb9c9000 	C:\windows\System32\gdi32full.dll
0x00007ff9bbe40000 - 0x00007ff9bbeda000 	C:\windows\System32\msvcp_win.dll
0x00007ff990200000 - 0x00007ff99021b000 	C:\Users\63200736\.jdks\corretto-17.0.15\bin\VCRUNTIME140.dll
0x00007ff9a88b0000 - 0x00007ff9a8b43000 	C:\windows\WinSxS\amd64_microsoft.windows.common-controls_6595b64144ccf1df_6.0.22621.3672_none_2713b9d173822955\COMCTL32.dll
0x00007ff9bd690000 - 0x00007ff9bd737000 	C:\windows\System32\msvcrt.dll
0x00007ff9bd440000 - 0x00007ff9bd471000 	C:\windows\System32\IMM32.DLL
0x00007ff974a90000 - 0x00007ff975102000 	C:\Program Files\McAfee\DLP\Agent\fcagpph64.dll
0x00007ff9bca00000 - 0x00007ff9bcab2000 	C:\windows\System32\ADVAPI32.dll
0x00007ff9bd940000 - 0x00007ff9bd9e9000 	C:\windows\System32\sechost.dll
0x00007ff9bc290000 - 0x00007ff9bc2b8000 	C:\windows\System32\bcrypt.dll
0x00007ff9be180000 - 0x00007ff9be294000 	C:\windows\System32\RPCRT4.dll
0x00007ff9bcbc0000 - 0x00007ff9bd428000 	C:\windows\System32\SHELL32.dll
0x00007ff9bdfd0000 - 0x00007ff9be175000 	C:\windows\System32\ole32.dll
0x00007ff9bdb50000 - 0x00007ff9bdedd000 	C:\windows\System32\combase.dll
0x00007ff9bc820000 - 0x00007ff9bc87e000 	C:\windows\System32\SHLWAPI.dll
0x00007ff9bc930000 - 0x00007ff9bc9a1000 	C:\windows\System32\WS2_32.dll
0x00007ff9bda70000 - 0x00007ff9bdb47000 	C:\windows\System32\OLEAUT32.dll
0x00007ff9ba280000 - 0x00007ff9ba294000 	C:\windows\SYSTEM32\WTSAPI32.dll
0x00007ff9af3d0000 - 0x00007ff9af477000 	C:\windows\SYSTEM32\WINSPOOL.DRV
0x00007ff9be450000 - 0x00007ff9be549000 	C:\windows\System32\shcore.dll
0x00007ff9bb500000 - 0x00007ff9bb50a000 	C:\windows\SYSTEM32\VERSION.dll
0x00007ff9ba4d0000 - 0x00007ff9ba504000 	C:\windows\SYSTEM32\ntmarta.dll
0x00007ff9bb710000 - 0x00007ff9bb74a000 	C:\Program Files\Citrix\HDX\bin\MfApHook.dll
0x00007ff9bb650000 - 0x00007ff9bb660000 	C:\Program Files\Citrix\HDX\bin\FullScreenHook.dll
0x00007ff972850000 - 0x00007ff9728dd000 	C:\Users\63200736\.jdks\corretto-17.0.15\bin\MSVCP140.dll
0x00007ff999670000 - 0x00007ff99967c000 	C:\Users\63200736\.jdks\corretto-17.0.15\bin\VCRUNTIME140_1.dll
0x00007ff9bb3b0000 - 0x00007ff9bb3dd000 	C:\Program Files\Citrix\HDX\bin\ShellHook.dll
0x00007ff9bb280000 - 0x00007ff9bb3a9000 	C:\Program Files\Citrix\HDX\bin\SCardHook.dll
0x00007ff9bb230000 - 0x00007ff9bb24f000 	C:\Program Files\Citrix\HDX\bin\CxInjIme.dll
0x00007ff9bb200000 - 0x00007ff9bb228000 	C:\Program Files\Citrix\HDX\bin\PicaWtsHook.dll
0x00007ff93a950000 - 0x00007ff93b5bc000 	C:\Users\63200736\.jdks\corretto-17.0.15\bin\server\jvm.dll
0x00007ff9bb770000 - 0x00007ff9bb7bd000 	C:\windows\SYSTEM32\POWRPROF.dll
0x00007ff9b6620000 - 0x00007ff9b6654000 	C:\windows\SYSTEM32\WINMM.dll
0x00007ff9bb750000 - 0x00007ff9bb763000 	C:\windows\SYSTEM32\UMPDC.dll
0x00007ff9ba4b0000 - 0x00007ff9ba4c8000 	C:\windows\SYSTEM32\kernel.appcore.dll
0x00007ff999440000 - 0x00007ff99944a000 	C:\Users\63200736\.jdks\corretto-17.0.15\bin\jimage.dll
0x00007ff9b8990000 - 0x00007ff9b8bc2000 	C:\windows\SYSTEM32\DBGHELP.DLL
0x00007ff9902e0000 - 0x00007ff990312000 	C:\windows\SYSTEM32\dbgcore.DLL
0x00007ff9bbca0000 - 0x00007ff9bbd1b000 	C:\windows\System32\bcryptPrimitives.dll
0x00007ff9a4200000 - 0x00007ff9a420e000 	C:\Users\63200736\.jdks\corretto-17.0.15\bin\instrument.dll
0x00007ff98e3b0000 - 0x00007ff98e3d5000 	C:\Users\63200736\.jdks\corretto-17.0.15\bin\java.dll
0x00007ff9499b0000 - 0x00007ff949a87000 	C:\Users\63200736\.jdks\corretto-17.0.15\bin\jsvml.dll
0x00007ff9b91e0000 - 0x00007ff9b9ade000 	C:\windows\SYSTEM32\windows.storage.dll
0x00007ff9b8cd0000 - 0x00007ff9b8e0f000 	C:\windows\SYSTEM32\wintypes.dll
0x00007ff9bb7e0000 - 0x00007ff9bb801000 	C:\windows\SYSTEM32\profapi.dll
0x00007ff9970e0000 - 0x00007ff9970f8000 	C:\Users\63200736\.jdks\corretto-17.0.15\bin\zip.dll
0x00007ff9b5850000 - 0x00007ff9b5869000 	C:\Users\63200736\.jdks\corretto-17.0.15\bin\net.dll
0x00007ff9b4e50000 - 0x00007ff9b4f86000 	C:\windows\SYSTEM32\WINHTTP.dll
0x00007ff9ba910000 - 0x00007ff9ba979000 	C:\windows\system32\mswsock.dll
0x00007ff997140000 - 0x00007ff997156000 	C:\Users\63200736\.jdks\corretto-17.0.15\bin\nio.dll
0x00007ff9b9d60000 - 0x00007ff9b9e58000 	C:\windows\SYSTEM32\DNSAPI.dll
0x00007ff9b9d30000 - 0x00007ff9b9d5d000 	C:\windows\SYSTEM32\IPHLPAPI.DLL
0x00007ff9bd740000 - 0x00007ff9bd749000 	C:\windows\System32\NSI.dll
0x00007ff9b2dd0000 - 0x00007ff9b2dda000 	C:\Windows\System32\rasadhlp.dll
0x00007ff9b53a0000 - 0x00007ff9b5423000 	C:\windows\System32\fwpuclnt.dll
0x00007ff996eb0000 - 0x00007ff996eb9000 	C:\Users\63200736\.jdks\corretto-17.0.15\bin\extnet.dll
0x00007ff9ad640000 - 0x00007ff9ad649000 	C:\Users\63200736\.jdks\corretto-17.0.15\bin\management.dll
0x00007ff9ab020000 - 0x00007ff9ab02b000 	C:\Users\63200736\.jdks\corretto-17.0.15\bin\management_ext.dll
0x00007ff9bda60000 - 0x00007ff9bda68000 	C:\windows\System32\PSAPI.DLL
0x00007ff9bac60000 - 0x00007ff9bac7b000 	C:\windows\SYSTEM32\CRYPTSP.dll
0x00007ff9ba410000 - 0x00007ff9ba445000 	C:\windows\system32\rsaenh.dll
0x00007ff9ba9b0000 - 0x00007ff9ba9d8000 	C:\windows\SYSTEM32\USERENV.dll
0x00007ff9bac40000 - 0x00007ff9bac4c000 	C:\windows\SYSTEM32\CRYPTBASE.dll
0x00007ff9b5310000 - 0x00007ff9b5329000 	C:\windows\SYSTEM32\dhcpcsvc6.DLL
0x00007ff9b5090000 - 0x00007ff9b50af000 	C:\windows\SYSTEM32\dhcpcsvc.DLL
0x00007ff9b04c0000 - 0x00007ff9b04d7000 	C:\windows\system32\napinsp.dll
0x00007ff9b04e0000 - 0x00007ff9b04fb000 	C:\windows\system32\pnrpnsp.dll
0x00007ff9b0500000 - 0x00007ff9b0511000 	C:\windows\System32\winrnr.dll
0x00007ff9b0520000 - 0x00007ff9b0535000 	C:\windows\system32\wshbth.dll
0x00007ff9b0590000 - 0x00007ff9b05b7000 	C:\windows\system32\nlansp_c.dll
0x00007ff98f610000 - 0x00007ff98f669000 	C:\windows\SYSTEM32\pdh.dll

dbghelp: loaded successfully - version: 4.0.5 - missing functions: none
symbol engine: initialized successfully - sym options: 0x614 - pdb path: .;C:\Users\63200736\.jdks\corretto-17.0.15\bin;C:\windows\SYSTEM32;C:\windows\WinSxS\amd64_microsoft.windows.common-controls_6595b64144ccf1df_6.0.22621.3672_none_2713b9d173822955;C:\Program Files\McAfee\DLP\Agent;C:\Program Files\Citrix\HDX\bin;C:\Users\63200736\.jdks\corretto-17.0.15\bin\server

VM Arguments:
jvm_args: -javaagent:C:\Program Files\JetBrains\IntelliJ IDEA 2025.1.1.1\lib\idea_rt.jar=63577 -Dfile.encoding=UTF-8 
java_command: com.lgcns.study_micros.StudyMicrosApplication
java_class_path (initial): C:\micro\study_micros\target\classes;C:\Users\63200736\.m2\repository\org\springframework\boot\spring-boot-starter-thymeleaf\3.5.4\spring-boot-starter-thymeleaf-3.5.4.jar;C:\Users\63200736\.m2\repository\org\springframework\boot\spring-boot-starter\3.5.4\spring-boot-starter-3.5.4.jar;C:\Users\63200736\.m2\repository\org\springframework\boot\spring-boot-starter-logging\3.5.4\spring-boot-starter-logging-3.5.4.jar;C:\Users\63200736\.m2\repository\ch\qos\logback\logback-classic\1.5.18\logback-classic-1.5.18.jar;C:\Users\63200736\.m2\repository\ch\qos\logback\logback-core\1.5.18\logback-core-1.5.18.jar;C:\Users\63200736\.m2\repository\org\apache\logging\log4j\log4j-to-slf4j\2.24.3\log4j-to-slf4j-2.24.3.jar;C:\Users\63200736\.m2\repository\org\apache\logging\log4j\log4j-api\2.24.3\log4j-api-2.24.3.jar;C:\Users\63200736\.m2\repository\org\slf4j\jul-to-slf4j\2.0.17\jul-to-slf4j-2.0.17.jar;C:\Users\63200736\.m2\repository\jakarta\annotation\jakarta.annotation-api\2.1.1\jakarta.annotation-api-2.1.1.jar;C:\Users\63200736\.m2\repository\org\yaml\snakeyaml\2.4\snakeyaml-2.4.jar;C:\Users\63200736\.m2\repository\org\thymeleaf\thymeleaf-spring6\3.1.3.RELEASE\thymeleaf-spring6-3.1.3.RELEASE.jar;C:\Users\63200736\.m2\repository\org\thymeleaf\thymeleaf\3.1.3.RELEASE\thymeleaf-3.1.3.RELEASE.jar;C:\Users\63200736\.m2\repository\org\attoparser\attoparser\2.0.7.RELEASE\attoparser-2.0.7.RELEASE.jar;C:\Users\63200736\.m2\repository\org\unbescape\unbescape\1.1.6.RELEASE\unbescape-1.1.6.RELEASE.jar;C:\Users\63200736\.m2\repository\org\slf4j\slf4j-api\2.0.17\slf4j-api-2.0.17.jar;C:\Users\63200736\.m2\repository\org\springframework\boot\spring-boot-starter-web\3.5.4\spring-boot-starter-web-3.5.4.jar;C:\Users\63200736\.m2\repository\org\springframework\boot\spring-boot-starter-json\3.5.4\spring-boot-starter-json-3.5.4.jar;C:\Users\63200736\.m2\repository\com\fasterxml\jackson\datatype\jackson-datatype-jdk8\2.19.2\jackson-datatype-jdk8-2.19.2.jar;C:\Users\63200736\.m2
Launcher Type: SUN_STANDARD

[Global flags]
     intx CICompilerCount                          = 4                                         {product} {ergonomic}
     uint ConcGCThreads                            = 2                                         {product} {ergonomic}
     uint G1ConcRefinementThreads                  = 8                                         {product} {ergonomic}
   size_t G1HeapRegionSize                         = 2097152                                   {product} {ergonomic}
    uintx GCDrainStackTargetSize                   = 64                                        {product} {ergonomic}
   size_t InitialHeapSize                          = 268435456                                 {product} {ergonomic}
   size_t MarkStackSize                            = 4194304                                   {product} {ergonomic}
   size_t MaxHeapSize                              = 4294967296                                {product} {ergonomic}
   size_t MaxNewSize                               = 2575302656                                {product} {ergonomic}
   size_t MinHeapDeltaBytes                        = 2097152                                   {product} {ergonomic}
   size_t MinHeapSize                              = 8388608                                   {product} {ergonomic}
    uintx NonNMethodCodeHeapSize                   = 5839372                                {pd product} {ergonomic}
    uintx NonProfiledCodeHeapSize                  = 122909434                              {pd product} {ergonomic}
    uintx ProfiledCodeHeapSize                     = 122909434                              {pd product} {ergonomic}
    uintx ReservedCodeCacheSize                    = 251658240                              {pd product} {ergonomic}
     bool SegmentedCodeCache                       = true                                      {product} {ergonomic}
   size_t SoftMaxHeapSize                          = 4294967296                             {manageable} {ergonomic}
     bool UseCompressedClassPointers               = true                           {product lp64_product} {ergonomic}
     bool UseCompressedOops                        = true                           {product lp64_product} {ergonomic}
     bool UseG1GC                                  = true                                      {product} {ergonomic}
     bool UseLargePagesIndividualAllocation        = false                                  {pd product} {ergonomic}

Logging:
Log output configuration:
 #0: stdout all=warning uptime,level,tags
 #1: stderr all=off uptime,level,tags

Environment Variables:
PATH=C:\windows\system32;C:\windows;C:\windows\System32\Wbem;C:\windows\System32\WindowsPowerShell\v1.0\;C:\windows\System32\OpenSSH\;C:\Program Files (x86)\Citrix\HDX\bin\;C:\Program Files\Citrix\HDX\bin\;C:\Program Files\nodejs\;C:\Program Files\Git\cmd;C:\Users\63200736\AppData\Local\Microsoft\WindowsApps;C:\Users\63200736\AppData\Local\Programs\Microsoft VS Code\bin;C:\Users\63200736\AppData\Roaming\npm;C:\Program Files\JetBrains\IntelliJ IDEA 2025.1.1.1\bin;;C:\Program Files\JetBrains\PyCharm Community Edition 2025.1.1.1\bin;;C:\Users\63200736\AppData\Local\Programs\Rancher Desktop\resources\resources\win32\bin\;C:\Users\63200736\AppData\Local\Programs\Rancher Desktop\resources\resources\win32\docker-cli-plugins\;C:\Users\63200736\AppData\Local\Programs\Rancher Desktop\resources\resources\linux\bin\;C:\Users\63200736\AppData\Local\Programs\Rancher Desktop\resources\resources\linux\docker-cli-plugins\;C:\Program Files\JetBrains\JetBrains Rider 2025.1.4\bin;;C:\Users\63200736\.dotnet\tools
USERNAME=63200736
OS=Windows_NT
PROCESSOR_IDENTIFIER=AMD64 Family 25 Model 1 Stepping 1, AuthenticAMD
TMP=C:\Users\63200736\AppData\Local\Temp
TEMP=C:\Users\63200736\AppData\Local\Temp



Periodic native trim disabled


---------------  S Y S T E M  ---------------

OS:
 Windows 11 , 64 bit Build 22621 (10.0.22621.3958)
OS uptime: 8 days 22:41 hours
Hyper-V role detected

CPU: total 8 (initial active 8) (8 cores per cpu, 2 threads per core) family 25 model 1 stepping 1 microcode 0x0, cx8, cmov, fxsr, ht, mmx, 3dnowpref, sse, sse2, sse3, ssse3, sse4a, sse4.1, sse4.2, popcnt, lzcnt, tsc, avx, avx2, aes, clmul, bmi1, bmi2, adx, sha, fma, vzeroupper, clflush, clflushopt, hv
Processor Information for all 8 processors :
  Max Mhz: 2296, Current Mhz: 2296, Mhz Limit: 2296

Memory: 4k page, system-wide physical 16377M (534M free)
TotalPageFile size 29134M (AvailPageFile size 45M)
current process WorkingSet (physical memory assigned to process): 112M, peak: 112M
current process commit charge ("private bytes"): 376M, peak: 376M

vm_info: OpenJDK 64-Bit Server VM (17.0.15+6-LTS) for windows-amd64 JRE (17.0.15+6-LTS), built on Apr  9 2025 23:33:55 by "Administrator" with MS VC++ 16.10 / 16.11 (VS2019)

END.
