#
# There is insufficient memory for the Java Runtime Environment to continue.
# Native memory allocation (malloc) failed to allocate 501616 bytes. Error detail: Chunk::new
# Possible reasons:
#   The system is out of physical RAM or swap space
#   This process is running with CompressedOops enabled, and the Java Heap may be blocking the growth of the native heap
# Possible solutions:
#   Reduce memory load on the system
#   Increase physical memory or swap space
#   Check if swap backing store is full
#   Decrease Java heap size (-Xmx/-Xms)
#   Decrease number of Java threads
#   Decrease Java thread stack sizes (-Xss)
#   Set larger code cache with -XX:ReservedCodeCacheSize=
#   JVM is running with Zero Based Compressed Oops mode in which the Java heap is
#     placed in the first 32GB address space. The Java Heap base address is the
#     maximum limit for the native heap growth. Please use -XX:HeapBaseMinAddress
#     to set the Java Heap base and to place the Java Heap above 32GB virtual address.
# This output file may be truncated or incomplete.
#
#  Out of Memory Error (arena.cpp:191), pid=10772, tid=30620
#
# JRE version: OpenJDK Runtime Environment Corretto-17.0.15.6.1 (17.0.15+6) (build 17.0.15+6-LTS)
# Java VM: OpenJDK 64-Bit Server VM Corretto-17.0.15.6.1 (17.0.15+6-LTS, mixed mode, sharing, tiered, compressed oops, compressed class ptrs, g1 gc, windows-amd64)
# No core dump will be written. Minidumps are not enabled by default on client versions of Windows
#

---------------  S U M M A R Y ------------

Command Line: target/study_micros-0.0.1-SNAPSHOT.jar

Host: AMD EPYC 7643 48-Core Processor                , 8 cores, 15G,  Windows 11 , 64 bit Build 22621 (10.0.22621.3958)
Time: Thu Aug  7 10:21:34 2025 SE Asia Standard Time elapsed time: 23.188751 seconds (0d 0h 0m 23s)

---------------  T H R E A D  ---------------

Current thread (0x0000014ffd2fb5b0):  JavaThread "C2 CompilerThread2" daemon [_thread_in_native, id=30620, stack(0x0000004528f00000,0x0000004529000000)]


Current CompileTask:
C2:  23188 7491   !   4       java.lang.reflect.Field::declaredAnnotations (82 bytes)

Stack: [0x0000004528f00000,0x0000004529000000]
Native frames: (J=compiled Java code, j=interpreted, Vv=VM code, C=native code)
V  [jvm.dll+0x681149]
V  [jvm.dll+0x838b5a]
V  [jvm.dll+0x83a61e]
V  [jvm.dll+0x83ac83]
V  [jvm.dll+0x24837f]
V  [jvm.dll+0xaca54]
V  [jvm.dll+0xad09c]
V  [jvm.dll+0x3679e2]
V  [jvm.dll+0x1bcf7d]
V  [jvm.dll+0x21aa19]
V  [jvm.dll+0x219d01]
V  [jvm.dll+0x1a59fd]
V  [jvm.dll+0x229a5d]
V  [jvm.dll+0x227bec]
V  [jvm.dll+0x7eda37]
V  [jvm.dll+0x7e7f8c]
V  [jvm.dll+0x680017]
C  [ucrtbase.dll+0x29333]
C  [KERNEL32.DLL+0x1257d]
C  [ntdll.dll+0x5af28]


---------------  P R O C E S S  ---------------

Threads class SMR info:
_java_thread_list=0x0000014f82d0cad0, length=23, elements={
0x0000014f937ff980, 0x0000014fb68ea3e0, 0x0000014fb68eb060, 0x0000014fb68fe090,
0x0000014fb68fea50, 0x0000014fb68ff410, 0x0000014fb6905df0, 0x0000014fb690bf10,
0x0000014fb6916840, 0x0000014fb6937160, 0x0000014fb6a628d0, 0x0000014fb6a65780,
0x0000014fb6c3d7f0, 0x0000014ffc07e040, 0x0000014f83074020, 0x0000014f835a12e0,
0x0000014ffd7ece30, 0x0000014f80a9e800, 0x0000014ffe4b3ab0, 0x0000014ffd2fa070,
0x0000014ffd2fb5b0, 0x0000014f913c4980, 0x0000014f913c5dc0
}

Java Threads: ( => current thread )
  0x0000014f937ff980 JavaThread "main" [_thread_in_native, id=9460, stack(0x0000004526a00000,0x0000004526b00000)]
  0x0000014fb68ea3e0 JavaThread "Reference Handler" daemon [_thread_blocked, id=26268, stack(0x0000004527100000,0x0000004527200000)]
  0x0000014fb68eb060 JavaThread "Finalizer" daemon [_thread_blocked, id=12696, stack(0x0000004527200000,0x0000004527300000)]
  0x0000014fb68fe090 JavaThread "Signal Dispatcher" daemon [_thread_blocked, id=2216, stack(0x0000004527300000,0x0000004527400000)]
  0x0000014fb68fea50 JavaThread "Attach Listener" daemon [_thread_blocked, id=11488, stack(0x0000004527400000,0x0000004527500000)]
  0x0000014fb68ff410 JavaThread "Service Thread" daemon [_thread_blocked, id=29176, stack(0x0000004527500000,0x0000004527600000)]
  0x0000014fb6905df0 JavaThread "Monitor Deflation Thread" daemon [_thread_blocked, id=22056, stack(0x0000004527600000,0x0000004527700000)]
  0x0000014fb690bf10 JavaThread "C2 CompilerThread0" daemon [_thread_in_native, id=25684, stack(0x0000004527700000,0x0000004527800000)]
  0x0000014fb6916840 JavaThread "C1 CompilerThread0" daemon [_thread_blocked, id=28168, stack(0x0000004527800000,0x0000004527900000)]
  0x0000014fb6937160 JavaThread "Sweeper thread" daemon [_thread_blocked, id=13404, stack(0x0000004527900000,0x0000004527a00000)]
  0x0000014fb6a628d0 JavaThread "Notification Thread" daemon [_thread_blocked, id=19700, stack(0x0000004527a00000,0x0000004527b00000)]
  0x0000014fb6a65780 JavaThread "Common-Cleaner" daemon [_thread_blocked, id=22772, stack(0x0000004527c00000,0x0000004527d00000)]
  0x0000014fb6c3d7f0 JavaThread "Cleaner-0" daemon [_thread_blocked, id=960, stack(0x0000004527d00000,0x0000004527e00000)]
  0x0000014ffc07e040 JavaThread "Keep-Alive-Timer" daemon [_thread_blocked, id=11452, stack(0x0000004527e00000,0x0000004527f00000)]
  0x0000014f83074020 JavaThread "Catalina-utility-1" [_thread_blocked, id=21844, stack(0x0000004528a00000,0x0000004528b00000)]
  0x0000014f835a12e0 JavaThread "Catalina-utility-2" [_thread_blocked, id=12868, stack(0x0000004528b00000,0x0000004528c00000)]
  0x0000014ffd7ece30 JavaThread "container-0" [_thread_blocked, id=28256, stack(0x0000004528c00000,0x0000004528d00000)]
  0x0000014f80a9e800 JavaThread "mysql-cj-abandoned-connection-cleanup" daemon [_thread_blocked, id=28720, stack(0x0000004528d00000,0x0000004528e00000)]
  0x0000014ffe4b3ab0 JavaThread "HikariPool-1:housekeeper" daemon [_thread_blocked, id=31100, stack(0x0000004527f00000,0x0000004528000000)]
  0x0000014ffd2fa070 JavaThread "C2 CompilerThread1" daemon [_thread_in_native, id=26416, stack(0x0000004528e00000,0x0000004528f00000)]
=>0x0000014ffd2fb5b0 JavaThread "C2 CompilerThread2" daemon [_thread_in_native, id=30620, stack(0x0000004528f00000,0x0000004529000000)]
  0x0000014f913c4980 JavaThread "spring.cloud.inetutils" daemon [_thread_blocked, id=13124, stack(0x0000004529000000,0x0000004529100000)]
  0x0000014f913c5dc0 JavaThread "spectator-gauge-polling-0" daemon [_thread_blocked, id=22840, stack(0x0000004528900000,0x0000004528a00000)]

Other Threads:
  0x0000014fb68e7f50 VMThread "VM Thread" [stack: 0x0000004527000000,0x0000004527100000] [id=26272]
  0x0000014fb6a647f0 WatcherThread [stack: 0x0000004527b00000,0x0000004527c00000] [id=7564]
  0x0000014f9381eaa0 GCTaskThread "GC Thread#0" [stack: 0x0000004526b00000,0x0000004526c00000] [id=24896]
  0x0000014ffc7f93b0 GCTaskThread "GC Thread#1" [stack: 0x0000004528000000,0x0000004528100000] [id=11788]
  0x0000014ffc7f9670 GCTaskThread "GC Thread#2" [stack: 0x0000004528100000,0x0000004528200000] [id=29540]
  0x0000014ffc7f9930 GCTaskThread "GC Thread#3" [stack: 0x0000004528200000,0x0000004528300000] [id=16100]
  0x0000014ffc65ae00 GCTaskThread "GC Thread#4" [stack: 0x0000004528300000,0x0000004528400000] [id=14372]
  0x0000014ffc65b0c0 GCTaskThread "GC Thread#5" [stack: 0x0000004528400000,0x0000004528500000] [id=15536]
  0x0000014ffd5e22d0 GCTaskThread "GC Thread#6" [stack: 0x0000004528700000,0x0000004528800000] [id=560]
  0x0000014ffd5e2590 GCTaskThread "GC Thread#7" [stack: 0x0000004528800000,0x0000004528900000] [id=30568]
  0x0000014faa63c340 ConcurrentGCThread "G1 Main Marker" [stack: 0x0000004526c00000,0x0000004526d00000] [id=16704]
  0x0000014faa63cc60 ConcurrentGCThread "G1 Conc#0" [stack: 0x0000004526d00000,0x0000004526e00000] [id=11576]
  0x0000014ffd5e2850 ConcurrentGCThread "G1 Conc#1" [stack: 0x0000004528600000,0x0000004528700000] [id=15744]
  0x0000014faa71a1f0 ConcurrentGCThread "G1 Refine#0" [stack: 0x0000004526e00000,0x0000004526f00000] [id=29768]
  0x0000014faa71ab20 ConcurrentGCThread "G1 Service" [stack: 0x0000004526f00000,0x0000004527000000] [id=24128]

Threads with active compile tasks:
C2 CompilerThread0    23269 7453       4       org.springframework.core.annotation.AnnotatedElementUtils::findMergedAnnotationAttributes (24 bytes)
C2 CompilerThread1    23269 7452       4       org.springframework.core.annotation.AnnotatedElementUtils::getMergedAnnotationAttributes (22 bytes)
C2 CompilerThread2    23269 7491   !   4       java.lang.reflect.Field::declaredAnnotations (82 bytes)

VM state: not at safepoint (normal execution)

VM Mutex/Monitor currently owned by a thread: None

Heap address: 0x0000000700000000, size: 4096 MB, Compressed Oops mode: Zero based, Oop shift amount: 3

CDS archive(s) mapped at: [0x0000014fb7000000-0x0000014fb7bb0000-0x0000014fb7bb0000), size 12255232, SharedBaseAddress: 0x0000014fb7000000, ArchiveRelocationMode: 1.
Compressed class space mapped at: 0x0000014fb8000000-0x0000014ff8000000, reserved size: 1073741824
Narrow klass base: 0x0000014fb7000000, Narrow klass shift: 0, Narrow klass range: 0x100000000

GC Precious Log:
 CPUs: 8 total, 8 available
 Memory: 16377M
 Large Page Support: Disabled
 NUMA Support: Disabled
 Compressed Oops: Enabled (Zero based)
 Heap Region Size: 2M
 Heap Min Capacity: 8M
 Heap Initial Capacity: 256M
 Heap Max Capacity: 4G
 Pre-touch: Disabled
 Parallel Workers: 8
 Concurrent Workers: 2
 Concurrent Refinement Workers: 8
 Periodic GC: Disabled

Heap:
 garbage-first heap   total 143360K, used 72171K [0x0000000700000000, 0x0000000800000000)
  region size 2048K, 17 young (34816K), 3 survivors (6144K)
 Metaspace       used 75590K, committed 76224K, reserved 1179648K
  class space    used 10318K, committed 10624K, reserved 1048576K

Heap Regions: E=young(eden), S=young(survivor), O=old, HS=humongous(starts), HC=humongous(continues), CS=collection set, F=free, OA=open archive, CA=closed archive, TAMS=top-at-mark-start (previous, next)
|   0|0x0000000700000000, 0x0000000700130600, 0x0000000700200000| 59%| O|  |TAMS 0x0000000700130600, 0x0000000700000000| Untracked 
|   1|0x0000000700200000, 0x0000000700400000, 0x0000000700400000|100%| O|  |TAMS 0x0000000700400000, 0x0000000700200000| Untracked 
|   2|0x0000000700400000, 0x0000000700600000, 0x0000000700600000|100%| O|  |TAMS 0x0000000700600000, 0x0000000700400000| Untracked 
|   3|0x0000000700600000, 0x0000000700800000, 0x0000000700800000|100%| O|  |TAMS 0x0000000700800000, 0x0000000700600000| Untracked 
|   4|0x0000000700800000, 0x0000000700a00000, 0x0000000700a00000|100%| O|  |TAMS 0x0000000700a00000, 0x0000000700800000| Untracked 
|   5|0x0000000700a00000, 0x0000000700c00000, 0x0000000700c00000|100%| O|  |TAMS 0x0000000700c00000, 0x0000000700a00000| Untracked 
|   6|0x0000000700c00000, 0x0000000700e00000, 0x0000000700e00000|100%| O|  |TAMS 0x0000000700e00000, 0x0000000700c00000| Untracked 
|   7|0x0000000700e00000, 0x0000000701000000, 0x0000000701000000|100%| O|  |TAMS 0x0000000701000000, 0x0000000700e00000| Untracked 
|   8|0x0000000701000000, 0x0000000701200000, 0x0000000701200000|100%| O|  |TAMS 0x0000000701200000, 0x0000000701000000| Untracked 
|   9|0x0000000701200000, 0x0000000701400000, 0x0000000701400000|100%| O|  |TAMS 0x0000000701400000, 0x0000000701200000| Untracked 
|  10|0x0000000701400000, 0x0000000701600000, 0x0000000701600000|100%| O|  |TAMS 0x0000000701600000, 0x0000000701400000| Untracked 
|  11|0x0000000701600000, 0x0000000701800000, 0x0000000701800000|100%| O|  |TAMS 0x0000000701800000, 0x0000000701600000| Untracked 
|  12|0x0000000701800000, 0x0000000701a00000, 0x0000000701a00000|100%| O|  |TAMS 0x0000000701988600, 0x0000000701800000| Untracked 
|  13|0x0000000701a00000, 0x0000000701c00000, 0x0000000701c00000|100%| O|  |TAMS 0x0000000701a00000, 0x0000000701a00000| Untracked 
|  14|0x0000000701c00000, 0x0000000701e00000, 0x0000000701e00000|100%| O|  |TAMS 0x0000000701c00000, 0x0000000701c00000| Untracked 
|  15|0x0000000701e00000, 0x0000000702000000, 0x0000000702000000|100%| O|  |TAMS 0x0000000701e00000, 0x0000000701e00000| Untracked 
|  16|0x0000000702000000, 0x0000000702200000, 0x0000000702200000|100%| O|  |TAMS 0x0000000702000000, 0x0000000702000000| Untracked 
|  17|0x0000000702200000, 0x0000000702400000, 0x0000000702400000|100%| O|  |TAMS 0x0000000702200000, 0x0000000702200000| Untracked 
|  18|0x0000000702400000, 0x0000000702600000, 0x0000000702600000|100%| O|  |TAMS 0x0000000702400000, 0x0000000702400000| Untracked 
|  19|0x0000000702600000, 0x0000000702800000, 0x0000000702800000|100%| O|  |TAMS 0x0000000702600000, 0x0000000702600000| Untracked 
|  20|0x0000000702800000, 0x000000070288dc00, 0x0000000702a00000| 27%| O|  |TAMS 0x0000000702800000, 0x0000000702800000| Untracked 
|  21|0x0000000702a00000, 0x0000000702a00000, 0x0000000702c00000|  0%| F|  |TAMS 0x0000000702a00000, 0x0000000702a00000| Untracked 
|  22|0x0000000702c00000, 0x0000000702c00000, 0x0000000702e00000|  0%| F|  |TAMS 0x0000000702c00000, 0x0000000702c00000| Untracked 
|  23|0x0000000702e00000, 0x0000000702e00000, 0x0000000703000000|  0%| F|  |TAMS 0x0000000702e00000, 0x0000000702e00000| Untracked 
|  24|0x0000000703000000, 0x0000000703000000, 0x0000000703200000|  0%| F|  |TAMS 0x0000000703000000, 0x0000000703000000| Untracked 
|  25|0x0000000703200000, 0x0000000703200000, 0x0000000703400000|  0%| F|  |TAMS 0x0000000703200000, 0x0000000703200000| Untracked 
|  26|0x0000000703400000, 0x00000007034bca18, 0x0000000703600000| 36%| S|CS|TAMS 0x0000000703400000, 0x0000000703400000| Complete 
|  27|0x0000000703600000, 0x00000007037ffff8, 0x0000000703800000| 99%| S|CS|TAMS 0x0000000703600000, 0x0000000703600000| Complete 
|  28|0x0000000703800000, 0x0000000703800000, 0x0000000703a00000|  0%| F|  |TAMS 0x0000000703800000, 0x0000000703800000| Untracked 
|  29|0x0000000703a00000, 0x0000000703a00000, 0x0000000703c00000|  0%| F|  |TAMS 0x0000000703a00000, 0x0000000703a00000| Untracked 
|  30|0x0000000703c00000, 0x0000000703c00000, 0x0000000703e00000|  0%| F|  |TAMS 0x0000000703c00000, 0x0000000703c00000| Untracked 
|  31|0x0000000703e00000, 0x0000000704000000, 0x0000000704000000|100%| S|CS|TAMS 0x0000000703e00000, 0x0000000703e00000| Complete 
|  32|0x0000000704000000, 0x0000000704000000, 0x0000000704200000|  0%| F|  |TAMS 0x0000000704000000, 0x0000000704000000| Untracked 
|  33|0x0000000704200000, 0x0000000704200000, 0x0000000704400000|  0%| F|  |TAMS 0x0000000704200000, 0x0000000704200000| Untracked 
|  34|0x0000000704400000, 0x0000000704400000, 0x0000000704600000|  0%| F|  |TAMS 0x0000000704400000, 0x0000000704400000| Untracked 
|  35|0x0000000704600000, 0x0000000704600000, 0x0000000704800000|  0%| F|  |TAMS 0x0000000704600000, 0x0000000704600000| Untracked 
|  36|0x0000000704800000, 0x0000000704800000, 0x0000000704a00000|  0%| F|  |TAMS 0x0000000704800000, 0x0000000704800000| Untracked 
|  37|0x0000000704a00000, 0x0000000704a00000, 0x0000000704c00000|  0%| F|  |TAMS 0x0000000704a00000, 0x0000000704a00000| Untracked 
|  38|0x0000000704c00000, 0x0000000704c00000, 0x0000000704e00000|  0%| F|  |TAMS 0x0000000704c00000, 0x0000000704c00000| Untracked 
|  39|0x0000000704e00000, 0x0000000704e00000, 0x0000000705000000|  0%| F|  |TAMS 0x0000000704e00000, 0x0000000704e00000| Untracked 
|  40|0x0000000705000000, 0x0000000705000000, 0x0000000705200000|  0%| F|  |TAMS 0x0000000705000000, 0x0000000705000000| Untracked 
|  41|0x0000000705200000, 0x0000000705200000, 0x0000000705400000|  0%| F|  |TAMS 0x0000000705200000, 0x0000000705200000| Untracked 
|  42|0x0000000705400000, 0x0000000705400000, 0x0000000705600000|  0%| F|  |TAMS 0x0000000705400000, 0x0000000705400000| Untracked 
|  43|0x0000000705600000, 0x0000000705600000, 0x0000000705800000|  0%| F|  |TAMS 0x0000000705600000, 0x0000000705600000| Untracked 
|  44|0x0000000705800000, 0x0000000705800000, 0x0000000705a00000|  0%| F|  |TAMS 0x0000000705800000, 0x0000000705800000| Untracked 
|  45|0x0000000705a00000, 0x0000000705a00000, 0x0000000705c00000|  0%| F|  |TAMS 0x0000000705a00000, 0x0000000705a00000| Untracked 
|  46|0x0000000705c00000, 0x0000000705c00000, 0x0000000705e00000|  0%| F|  |TAMS 0x0000000705c00000, 0x0000000705c00000| Untracked 
|  47|0x0000000705e00000, 0x0000000705e00000, 0x0000000706000000|  0%| F|  |TAMS 0x0000000705e00000, 0x0000000705e00000| Untracked 
|  48|0x0000000706000000, 0x0000000706000000, 0x0000000706200000|  0%| F|  |TAMS 0x0000000706000000, 0x0000000706000000| Untracked 
|  49|0x0000000706200000, 0x0000000706200000, 0x0000000706400000|  0%| F|  |TAMS 0x0000000706200000, 0x0000000706200000| Untracked 
|  50|0x0000000706400000, 0x0000000706400000, 0x0000000706600000|  0%| F|  |TAMS 0x0000000706400000, 0x0000000706400000| Untracked 
|  51|0x0000000706600000, 0x0000000706600000, 0x0000000706800000|  0%| F|  |TAMS 0x0000000706600000, 0x0000000706600000| Untracked 
|  52|0x0000000706800000, 0x0000000706800000, 0x0000000706a00000|  0%| F|  |TAMS 0x0000000706800000, 0x0000000706800000| Untracked 
|  53|0x0000000706a00000, 0x0000000706a00000, 0x0000000706c00000|  0%| F|  |TAMS 0x0000000706a00000, 0x0000000706a00000| Untracked 
|  54|0x0000000706c00000, 0x0000000706c00000, 0x0000000706e00000|  0%| F|  |TAMS 0x0000000706c00000, 0x0000000706c00000| Untracked 
|  55|0x0000000706e00000, 0x0000000706e00000, 0x0000000707000000|  0%| F|  |TAMS 0x0000000706e00000, 0x0000000706e00000| Untracked 
|  56|0x0000000707000000, 0x0000000707200000, 0x0000000707200000|100%| E|  |TAMS 0x0000000707000000, 0x0000000707000000| Complete 
|  57|0x0000000707200000, 0x0000000707400000, 0x0000000707400000|100%| E|CS|TAMS 0x0000000707200000, 0x0000000707200000| Complete 
|  58|0x0000000707400000, 0x0000000707600000, 0x0000000707600000|100%| E|CS|TAMS 0x0000000707400000, 0x0000000707400000| Complete 
|  59|0x0000000707600000, 0x0000000707800000, 0x0000000707800000|100%| E|CS|TAMS 0x0000000707600000, 0x0000000707600000| Complete 
|  60|0x0000000707800000, 0x0000000707a00000, 0x0000000707a00000|100%| E|CS|TAMS 0x0000000707800000, 0x0000000707800000| Complete 
|  61|0x0000000707a00000, 0x0000000707c00000, 0x0000000707c00000|100%| E|CS|TAMS 0x0000000707a00000, 0x0000000707a00000| Complete 
|  62|0x0000000707c00000, 0x0000000707e00000, 0x0000000707e00000|100%| E|CS|TAMS 0x0000000707c00000, 0x0000000707c00000| Complete 
|  63|0x0000000707e00000, 0x0000000708000000, 0x0000000708000000|100%| E|CS|TAMS 0x0000000707e00000, 0x0000000707e00000| Complete 
|  64|0x0000000708000000, 0x0000000708200000, 0x0000000708200000|100%| E|CS|TAMS 0x0000000708000000, 0x0000000708000000| Complete 
|  65|0x0000000708200000, 0x0000000708400000, 0x0000000708400000|100%| E|CS|TAMS 0x0000000708200000, 0x0000000708200000| Complete 
|  66|0x0000000708400000, 0x0000000708600000, 0x0000000708600000|100%| E|CS|TAMS 0x0000000708400000, 0x0000000708400000| Complete 
|  67|0x0000000708600000, 0x0000000708800000, 0x0000000708800000|100%| E|CS|TAMS 0x0000000708600000, 0x0000000708600000| Complete 
|  68|0x0000000708800000, 0x0000000708a00000, 0x0000000708a00000|100%| E|CS|TAMS 0x0000000708800000, 0x0000000708800000| Complete 
| 127|0x000000070fe00000, 0x0000000710000000, 0x0000000710000000|100%| E|CS|TAMS 0x000000070fe00000, 0x000000070fe00000| Complete 

Card table byte_map: [0x0000014faafe0000,0x0000014fab7e0000] _byte_map_base: 0x0000014fa77e0000

Marking Bits (Prev, Next): (CMBitMap*) 0x0000014faa62ba50, (CMBitMap*) 0x0000014faa62ba10
 Prev Bits: [0x0000014faffe0000, 0x0000014fb3fe0000)
 Next Bits: [0x0000014fabfe0000, 0x0000014faffe0000)

Polling page: 0x0000014f91760000

Metaspace:

Usage:
  Non-class:     63.74 MB used.
      Class:     10.08 MB used.
       Both:     73.82 MB used.

Virtual space:
  Non-class space:      128.00 MB reserved,      64.06 MB ( 50%) committed,  2 nodes.
      Class space:        1.00 GB reserved,      10.38 MB (  1%) committed,  1 nodes.
             Both:        1.12 GB reserved,      74.44 MB (  6%) committed. 

Chunk freelists:
   Non-Class:  15.77 MB
       Class:  5.51 MB
        Both:  21.28 MB

MaxMetaspaceSize: unlimited
CompressedClassSpaceSize: 1.00 GB
Initial GC threshold: 21.00 MB
Current GC threshold: 98.56 MB
CDS: on
MetaspaceReclaimPolicy: balanced
 - commit_granule_bytes: 65536.
 - commit_granule_words: 8192.
 - virtual_space_node_default_size: 8388608.
 - enlarge_chunks_in_place: 1.
 - new_chunks_are_fully_committed: 0.
 - uncommit_free_chunks: 1.
 - use_allocation_guard: 0.
 - handle_deallocations: 1.


Internal statistics:

num_allocs_failed_limit: 9.
num_arena_births: 870.
num_arena_deaths: 0.
num_vsnodes_births: 3.
num_vsnodes_deaths: 0.
num_space_committed: 1191.
num_space_uncommitted: 0.
num_chunks_returned_to_freelist: 9.
num_chunks_taken_from_freelist: 3768.
num_chunk_merges: 6.
num_chunk_splits: 2738.
num_chunks_enlarged: 2147.
num_inconsistent_stats: 0.

CodeHeap 'non-profiled nmethods': size=120000Kb used=5826Kb max_used=5826Kb free=114173Kb
 bounds [0x0000014fa2d80000, 0x0000014fa3340000, 0x0000014faa2b0000]
CodeHeap 'profiled nmethods': size=120000Kb used=12264Kb max_used=12264Kb free=107735Kb
 bounds [0x0000014f9b2b0000, 0x0000014f9beb0000, 0x0000014fa27e0000]
CodeHeap 'non-nmethods': size=5760Kb used=1354Kb max_used=1445Kb free=4405Kb
 bounds [0x0000014fa27e0000, 0x0000014fa2a50000, 0x0000014fa2d80000]
 total_blobs=6962 nmethods=6268 adapters=606
 compilation: enabled
              stopped_count=0, restarted_count=0
 full_count=0

Compilation events (20 events):
Event: 22.890 Thread 0x0000014fb6916840 7593       2       java.lang.invoke.DirectMethodHandle$Holder::invokeStatic (26 bytes)
Event: 22.890 Thread 0x0000014fb6916840 nmethod 7593 0x0000014f9bea6c10 code [0x0000014f9bea6dc0, 0x0000014f9bea6f38]
Event: 22.890 Thread 0x0000014fb6916840 7594       2       java.lang.invoke.BoundMethodHandle$Species_LLLLL::make (18 bytes)
Event: 22.890 Thread 0x0000014fb6916840 nmethod 7594 0x0000014f9bea7090 code [0x0000014f9bea7220, 0x0000014f9bea73c8]
Event: 22.890 Thread 0x0000014fb6916840 7595       2       java.lang.invoke.BoundMethodHandle$Species_LLLLL::<init> (36 bytes)
Event: 22.890 Thread 0x0000014fb6916840 nmethod 7595 0x0000014f9bea7490 code [0x0000014f9bea7640, 0x0000014f9bea79a8]
Event: 22.892 Thread 0x0000014fb6916840 7596   !   2       jdk.proxy2.$Proxy43::annotationType (29 bytes)
Event: 22.893 Thread 0x0000014fb6916840 nmethod 7596 0x0000014f9bea7a90 code [0x0000014f9bea7c40, 0x0000014f9bea7eb8]
Event: 22.893 Thread 0x0000014fb6916840 7597       2       org.springframework.beans.factory.support.ConstructorResolver$ConstructorDependencyDescriptor::<init> (7 bytes)
Event: 22.893 Thread 0x0000014fb6916840 nmethod 7597 0x0000014f9bea8010 code [0x0000014f9bea81a0, 0x0000014f9bea82c8]
Event: 22.893 Thread 0x0000014fb6916840 7598   !   2       org.springframework.beans.factory.support.ConstructorResolver::resolveAutowiredArgument (117 bytes)
Event: 22.896 Thread 0x0000014fb6916840 nmethod 7598 0x0000014f9bea8390 code [0x0000014f9bea8640, 0x0000014f9bea8e08]
Event: 22.896 Thread 0x0000014fb6916840 7599   !   2       org.springframework.util.ClassUtils::isCacheSafe (84 bytes)
Event: 22.897 Thread 0x0000014fb6916840 nmethod 7599 0x0000014f9bea9390 code [0x0000014f9bea9620, 0x0000014f9beaa0e8]
Event: 22.936 Thread 0x0000014fb6916840 7600       2       sun.nio.fs.WindowsPath::isEmpty (8 bytes)
Event: 22.936 Thread 0x0000014fb6916840 nmethod 7600 0x0000014f9beaa890 code [0x0000014f9beaaa20, 0x0000014f9beaab58]
Event: 23.046 Thread 0x0000014fb6916840 7602       2       java.util.concurrent.TimeUnit::toNanos (45 bytes)
Event: 23.047 Thread 0x0000014fb6916840 nmethod 7602 0x0000014f9beaac10 code [0x0000014f9beaadc0, 0x0000014f9beaaf98]
Event: 23.100 Thread 0x0000014fb6916840 7603       2       ch.qos.logback.classic.pattern.TargetLengthBasedClassNameAbbreviator::abbreviate (187 bytes)
Event: 23.104 Thread 0x0000014fb6916840 nmethod 7603 0x0000014f9beab010 code [0x0000014f9beab280, 0x0000014f9beaba98]

GC Heap History (20 events):
Event: 18.130 GC heap before
{Heap before GC invocations=23 (full 0):
 garbage-first heap   total 98304K, used 79096K [0x0000000700000000, 0x0000000800000000)
  region size 2048K, 27 young (55296K), 3 survivors (6144K)
 Metaspace       used 67253K, committed 67840K, reserved 1114112K
  class space    used 9182K, committed 9472K, reserved 1048576K
}
Event: 18.138 GC heap after
{Heap after GC invocations=24 (full 0):
 garbage-first heap   total 98304K, used 31996K [0x0000000700000000, 0x0000000800000000)
  region size 2048K, 3 young (6144K), 3 survivors (6144K)
 Metaspace       used 67253K, committed 67840K, reserved 1114112K
  class space    used 9182K, committed 9472K, reserved 1048576K
}
Event: 18.839 GC heap before
{Heap before GC invocations=24 (full 0):
 garbage-first heap   total 98304K, used 79100K [0x0000000700000000, 0x0000000800000000)
  region size 2048K, 26 young (53248K), 3 survivors (6144K)
 Metaspace       used 68594K, committed 69184K, reserved 1114112K
  class space    used 9356K, committed 9600K, reserved 1048576K
}
Event: 18.846 GC heap after
{Heap after GC invocations=25 (full 0):
 garbage-first heap   total 98304K, used 34181K [0x0000000700000000, 0x0000000800000000)
  region size 2048K, 3 young (6144K), 3 survivors (6144K)
 Metaspace       used 68594K, committed 69184K, reserved 1114112K
  class space    used 9356K, committed 9600K, reserved 1048576K
}
Event: 19.433 GC heap before
{Heap before GC invocations=25 (full 0):
 garbage-first heap   total 98304K, used 79237K [0x0000000700000000, 0x0000000800000000)
  region size 2048K, 25 young (51200K), 3 survivors (6144K)
 Metaspace       used 69656K, committed 70272K, reserved 1114112K
  class space    used 9508K, committed 9792K, reserved 1048576K
}
Event: 19.442 GC heap after
{Heap after GC invocations=26 (full 0):
 garbage-first heap   total 98304K, used 35249K [0x0000000700000000, 0x0000000800000000)
  region size 2048K, 2 young (4096K), 2 survivors (4096K)
 Metaspace       used 69656K, committed 70272K, reserved 1114112K
  class space    used 9508K, committed 9792K, reserved 1048576K
}
Event: 20.018 GC heap before
{Heap before GC invocations=26 (full 0):
 garbage-first heap   total 98304K, used 80305K [0x0000000700000000, 0x0000000800000000)
  region size 2048K, 24 young (49152K), 2 survivors (4096K)
 Metaspace       used 70340K, committed 70912K, reserved 1114112K
  class space    used 9607K, committed 9856K, reserved 1048576K
}
Event: 20.024 GC heap after
{Heap after GC invocations=27 (full 0):
 garbage-first heap   total 98304K, used 36454K [0x0000000700000000, 0x0000000800000000)
  region size 2048K, 2 young (4096K), 2 survivors (4096K)
 Metaspace       used 70340K, committed 70912K, reserved 1114112K
  class space    used 9607K, committed 9856K, reserved 1048576K
}
Event: 20.622 GC heap before
{Heap before GC invocations=27 (full 0):
 garbage-first heap   total 98304K, used 81510K [0x0000000700000000, 0x0000000800000000)
  region size 2048K, 24 young (49152K), 2 survivors (4096K)
 Metaspace       used 71502K, committed 72000K, reserved 1114112K
  class space    used 9753K, committed 9984K, reserved 1048576K
}
Event: 20.629 GC heap after
{Heap after GC invocations=28 (full 0):
 garbage-first heap   total 98304K, used 37981K [0x0000000700000000, 0x0000000800000000)
  region size 2048K, 3 young (6144K), 3 survivors (6144K)
 Metaspace       used 71502K, committed 72000K, reserved 1114112K
  class space    used 9753K, committed 9984K, reserved 1048576K
}
Event: 20.969 GC heap before
{Heap before GC invocations=28 (full 0):
 garbage-first heap   total 98304K, used 78941K [0x0000000700000000, 0x0000000800000000)
  region size 2048K, 23 young (47104K), 3 survivors (6144K)
 Metaspace       used 72065K, committed 72768K, reserved 1114112K
  class space    used 9837K, committed 10176K, reserved 1048576K
}
Event: 20.977 GC heap after
{Heap after GC invocations=29 (full 0):
 garbage-first heap   total 118784K, used 39429K [0x0000000700000000, 0x0000000800000000)
  region size 2048K, 3 young (6144K), 3 survivors (6144K)
 Metaspace       used 72065K, committed 72768K, reserved 1114112K
  class space    used 9837K, committed 10176K, reserved 1048576K
}
Event: 21.468 GC heap before
{Heap before GC invocations=29 (full 0):
 garbage-first heap   total 118784K, used 96773K [0x0000000700000000, 0x0000000800000000)
  region size 2048K, 31 young (63488K), 3 survivors (6144K)
 Metaspace       used 73191K, committed 73792K, reserved 1114112K
  class space    used 9989K, committed 10304K, reserved 1048576K
}
Event: 21.477 GC heap after
{Heap after GC invocations=30 (full 0):
 garbage-first heap   total 118784K, used 41041K [0x0000000700000000, 0x0000000800000000)
  region size 2048K, 3 young (6144K), 3 survivors (6144K)
 Metaspace       used 73191K, committed 73792K, reserved 1114112K
  class space    used 9989K, committed 10304K, reserved 1048576K
}
Event: 21.880 GC heap before
{Heap before GC invocations=30 (full 0):
 garbage-first heap   total 118784K, used 98385K [0x0000000700000000, 0x0000000800000000)
  region size 2048K, 31 young (63488K), 3 survivors (6144K)
 Metaspace       used 73769K, committed 74368K, reserved 1114112K
  class space    used 10051K, committed 10368K, reserved 1048576K
}
Event: 21.887 GC heap after
{Heap after GC invocations=31 (full 0):
 garbage-first heap   total 118784K, used 42362K [0x0000000700000000, 0x0000000800000000)
  region size 2048K, 3 young (6144K), 3 survivors (6144K)
 Metaspace       used 73769K, committed 74368K, reserved 1114112K
  class space    used 10051K, committed 10368K, reserved 1048576K
}
Event: 22.323 GC heap before
{Heap before GC invocations=31 (full 0):
 garbage-first heap   total 118784K, used 97658K [0x0000000700000000, 0x0000000800000000)
  region size 2048K, 30 young (61440K), 3 survivors (6144K)
 Metaspace       used 74642K, committed 75328K, reserved 1114112K
  class space    used 10190K, committed 10496K, reserved 1048576K
}
Event: 22.332 GC heap after
{Heap after GC invocations=32 (full 0):
 garbage-first heap   total 118784K, used 44102K [0x0000000700000000, 0x0000000800000000)
  region size 2048K, 3 young (6144K), 3 survivors (6144K)
 Metaspace       used 74642K, committed 75328K, reserved 1114112K
  class space    used 10190K, committed 10496K, reserved 1048576K
}
Event: 22.768 GC heap before
{Heap before GC invocations=32 (full 0):
 garbage-first heap   total 118784K, used 97350K [0x0000000700000000, 0x0000000800000000)
  region size 2048K, 29 young (59392K), 3 survivors (6144K)
 Metaspace       used 74911K, committed 75584K, reserved 1114112K
  class space    used 10225K, committed 10560K, reserved 1048576K
}
Event: 22.777 GC heap after
{Heap after GC invocations=33 (full 0):
 garbage-first heap   total 143360K, used 45547K [0x0000000700000000, 0x0000000800000000)
  region size 2048K, 3 young (6144K), 3 survivors (6144K)
 Metaspace       used 74911K, committed 75584K, reserved 1114112K
  class space    used 10225K, committed 10560K, reserved 1048576K
}

Dll operation events (9 events):
Event: 0.010 Loaded shared library C:\Users\63200736\.jdks\corretto-17.0.15\bin\java.dll
Event: 0.039 Loaded shared library C:\Users\63200736\.jdks\corretto-17.0.15\bin\jsvml.dll
Event: 0.108 Loaded shared library C:\Users\63200736\.jdks\corretto-17.0.15\bin\net.dll
Event: 0.112 Loaded shared library C:\Users\63200736\.jdks\corretto-17.0.15\bin\nio.dll
Event: 0.121 Loaded shared library C:\Users\63200736\.jdks\corretto-17.0.15\bin\zip.dll
Event: 0.198 Loaded shared library C:\Users\63200736\.jdks\corretto-17.0.15\bin\jimage.dll
Event: 3.988 Loaded shared library C:\Users\63200736\.jdks\corretto-17.0.15\bin\extnet.dll
Event: 4.929 Loaded shared library C:\Users\63200736\.jdks\corretto-17.0.15\bin\sunmscapi.dll
Event: 10.181 Loaded shared library C:\Users\63200736\.jdks\corretto-17.0.15\bin\verify.dll

Deoptimization events (20 events):
Event: 22.706 Thread 0x0000014f937ff980 DEOPT PACKING pc=0x0000014fa3309488 sp=0x0000004526afcf30
Event: 22.706 Thread 0x0000014f937ff980 DEOPT UNPACKING pc=0x0000014fa28369a3 sp=0x0000004526afcfe0 mode 2
Event: 22.710 Thread 0x0000014f937ff980 Uncommon trap: trap_request=0xffffffbe fr.pc=0x0000014fa3309488 relative=0x0000000000002fa8
Event: 22.710 Thread 0x0000014f937ff980 Uncommon trap: reason=profile_predicate action=maybe_recompile pc=0x0000014fa3309488 method=org.springframework.transaction.annotation.AnnotationTransactionAttributeSource.determineTransactionAttribute(Ljava/lang/reflect/AnnotatedElement;)Lorg/springframe
Event: 22.710 Thread 0x0000014f937ff980 DEOPT PACKING pc=0x0000014fa3309488 sp=0x0000004526afcf30
Event: 22.710 Thread 0x0000014f937ff980 DEOPT UNPACKING pc=0x0000014fa28369a3 sp=0x0000004526afcfe0 mode 2
Event: 22.718 Thread 0x0000014f937ff980 Uncommon trap: trap_request=0xffffff45 fr.pc=0x0000014fa305d3f8 relative=0x00000000000008b8
Event: 22.718 Thread 0x0000014f937ff980 Uncommon trap: reason=unstable_if action=reinterpret pc=0x0000014fa305d3f8 method=org.springframework.core.annotation.AnnotationsScanner.processClassHierarchy(Ljava/lang/Object;[ILjava/lang/Class;Lorg/springframework/core/annotation/AnnotationsProcessor;Z
Event: 22.718 Thread 0x0000014f937ff980 DEOPT PACKING pc=0x0000014fa305d3f8 sp=0x0000004526afac60
Event: 22.718 Thread 0x0000014f937ff980 DEOPT UNPACKING pc=0x0000014fa28369a3 sp=0x0000004526afac08 mode 2
Event: 22.864 Thread 0x0000014f937ff980 Uncommon trap: trap_request=0xffffff45 fr.pc=0x0000014fa326fa20 relative=0x0000000000000da0
Event: 22.864 Thread 0x0000014f937ff980 Uncommon trap: reason=unstable_if action=reinterpret pc=0x0000014fa326fa20 method=org.springframework.core.annotation.AnnotationsScanner.processClassInheritedAnnotations(Ljava/lang/Object;Ljava/lang/Class;Lorg/springframework/core/annotation/AnnotationsPr
Event: 22.864 Thread 0x0000014f937ff980 DEOPT PACKING pc=0x0000014fa326fa20 sp=0x0000004526afdf30
Event: 22.864 Thread 0x0000014f937ff980 DEOPT UNPACKING pc=0x0000014fa28369a3 sp=0x0000004526afdd50 mode 2
Event: 22.878 Thread 0x0000014f937ff980 DEOPT PACKING pc=0x0000014f9bbe3284 sp=0x0000004526afe240
Event: 22.878 Thread 0x0000014f937ff980 DEOPT UNPACKING pc=0x0000014fa2837143 sp=0x0000004526afd6d8 mode 3
Event: 22.990 Thread 0x0000014f937ff980 Uncommon trap: trap_request=0xffffff45 fr.pc=0x0000014fa3176340 relative=0x0000000000001560
Event: 22.990 Thread 0x0000014f937ff980 Uncommon trap: reason=unstable_if action=reinterpret pc=0x0000014fa3176340 method=jdk.internal.org.objectweb.asm.Type.getArgumentsAndReturnSizes(Ljava/lang/String;)I @ 123 c2
Event: 22.990 Thread 0x0000014f937ff980 DEOPT PACKING pc=0x0000014fa3176340 sp=0x0000004526afa290
Event: 22.990 Thread 0x0000014f937ff980 DEOPT UNPACKING pc=0x0000014fa28369a3 sp=0x0000004526afa160 mode 2

Classes loaded (20 events):
Event: 20.777 Loading class java/util/EnumMap$EntryIterator
Event: 20.777 Loading class java/util/EnumMap$EnumMapIterator
Event: 20.777 Loading class java/util/EnumMap$EnumMapIterator done
Event: 20.777 Loading class java/util/EnumMap$EntryIterator done
Event: 21.682 Loading class jdk/internal/reflect/UnsafeQualifiedObjectFieldAccessorImpl
Event: 21.682 Loading class jdk/internal/reflect/UnsafeQualifiedFieldAccessorImpl
Event: 21.682 Loading class jdk/internal/reflect/UnsafeQualifiedFieldAccessorImpl done
Event: 21.682 Loading class jdk/internal/reflect/UnsafeQualifiedObjectFieldAccessorImpl done
Event: 22.118 Loading class java/util/concurrent/atomic/AtomicIntegerArray
Event: 22.118 Loading class java/util/concurrent/atomic/AtomicIntegerArray done
Event: 22.183 Loading class javax/net/ssl/HostnameVerifier
Event: 22.183 Loading class javax/net/ssl/HostnameVerifier done
Event: 22.610 Loading class javax/net/ssl/SSLContext
Event: 22.611 Loading class javax/net/ssl/SSLContext done
Event: 22.823 Loading class java/util/concurrent/Executors$DelegatedScheduledExecutorService
Event: 22.823 Loading class java/util/concurrent/Executors$DelegatedScheduledExecutorService done
Event: 22.858 Loading class java/util/concurrent/ConcurrentHashMap$ValueSpliterator
Event: 22.858 Loading class java/util/concurrent/ConcurrentHashMap$ValueSpliterator done
Event: 22.953 Loading class java/util/function/LongSupplier
Event: 22.953 Loading class java/util/function/LongSupplier done

Classes unloaded (0 events):
No events

Classes redefined (0 events):
No events

Internal exceptions (20 events):
Event: 19.239 Thread 0x0000014f937ff980 Exception <a 'java/lang/NoSuchMethodError'{0x0000000703c09828}: 'java.lang.Object java.lang.invoke.DirectMethodHandle$Holder.invokeStatic(java.lang.Object, java.lang.Object, java.lang.Object, java.lang.Object, int, java.lang.Object)'> (0x0000000703c09828) 
thrown [s\src\hotspot\share\interpreter\linkResolver.cpp, line 759]
Event: 19.242 Thread 0x0000014f937ff980 Exception <a 'java/lang/NoSuchMethodError'{0x0000000703c114c0}: 'java.lang.Object java.lang.invoke.DirectMethodHandle$Holder.newInvokeSpecial(java.lang.Object, java.lang.Object, java.lang.Object, java.lang.Object, int)'> (0x0000000703c114c0) 
thrown [s\src\hotspot\share\interpreter\linkResolver.cpp, line 759]
Event: 19.243 Thread 0x0000014f937ff980 Exception <a 'java/lang/NoSuchMethodError'{0x0000000703c15c08}: 'java.lang.Object java.lang.invoke.DirectMethodHandle$Holder.invokeSpecial(java.lang.Object, java.lang.Object, java.lang.Object, java.lang.Object, java.lang.Object, int)'> (0x0000000703c15c08) 
thrown [s\src\hotspot\share\interpreter\linkResolver.cpp, line 759]
Event: 19.244 Thread 0x0000014f937ff980 Exception <a 'java/lang/NoSuchMethodError'{0x0000000703c19bf8}: 'java.lang.Object java.lang.invoke.Invokers$Holder.linkToTargetMethod(java.lang.Object, java.lang.Object, java.lang.Object, int, java.lang.Object)'> (0x0000000703c19bf8) 
thrown [s\src\hotspot\share\interpreter\linkResolver.cpp, line 759]
Event: 19.290 Thread 0x0000014f937ff980 Exception <a 'java/lang/NoSuchMethodError'{0x0000000703cf2ab8}: 'int java.lang.invoke.DirectMethodHandle$Holder.invokeStaticInit(java.lang.Object, int, java.lang.Object, java.lang.Object, java.lang.Object, java.lang.Object)'> (0x0000000703cf2ab8) 
thrown [s\src\hotspot\share\interpreter\linkResolver.cpp, line 759]
Event: 19.601 Thread 0x0000014f937ff980 Exception <a 'java/lang/NoSuchMethodError'{0x0000000704cdbcb8}: 'java.lang.Object java.lang.invoke.DirectMethodHandle$Holder.invokeStatic(java.lang.Object, long, java.lang.Object)'> (0x0000000704cdbcb8) 
thrown [s\src\hotspot\share\interpreter\linkResolver.cpp, line 759]
Event: 19.602 Thread 0x0000014f937ff980 Exception <a 'java/lang/IncompatibleClassChangeError'{0x0000000704cff2c0}: Found class java.lang.Object, but interface was expected> (0x0000000704cff2c0) 
thrown [s\src\hotspot\share\interpreter\linkResolver.cpp, line 826]
Event: 19.728 Thread 0x0000014f937ff980 Implicit null exception at 0x0000014fa3002194 to 0x0000014fa3002200
Event: 19.766 Thread 0x0000014f937ff980 Exception <a 'java/lang/IncompatibleClassChangeError'{0x0000000703c4e418}: Found class java.lang.Object, but interface was expected> (0x0000000703c4e418) 
thrown [s\src\hotspot\share\interpreter\linkResolver.cpp, line 826]
Event: 19.865 Thread 0x0000014f937ff980 Exception <a 'java/lang/reflect/InvocationTargetException'{0x000000070390fa00}> (0x000000070390fa00) 
thrown [s\src\hotspot\share\runtime\reflection.cpp, line 1128]
Event: 20.864 Thread 0x0000014f937ff980 Exception <a 'java/lang/IncompatibleClassChangeError'{0x0000000703d48620}: Found class java.lang.Object, but interface was expected> (0x0000000703d48620) 
thrown [s\src\hotspot\share\interpreter\linkResolver.cpp, line 826]
Event: 21.073 Thread 0x0000014f937ff980 Exception <a 'java/lang/NoSuchMethodError'{0x0000000706a0a898}: 'java.lang.Object java.lang.invoke.DirectMethodHandle$Holder.invokeSpecial(java.lang.Object, java.lang.Object, int, int, int, int)'> (0x0000000706a0a898) 
thrown [s\src\hotspot\share\interpreter\linkResolver.cpp, line 759]
Event: 21.150 Thread 0x0000014f937ff980 Exception <a 'java/lang/NoSuchMethodError'{0x000000070697af80}: 'int java.lang.invoke.DirectMethodHandle$Holder.invokeStaticInit(java.lang.Object, java.lang.Object, java.lang.Object, java.lang.Object)'> (0x000000070697af80) 
thrown [s\src\hotspot\share\interpreter\linkResolver.cpp, line 759]
Event: 21.166 Thread 0x0000014f937ff980 Implicit null exception at 0x0000014fa2e0f737 to 0x0000014fa2e0fb50
Event: 21.512 Thread 0x0000014f937ff980 Exception <a 'java/lang/IncompatibleClassChangeError'{0x0000000706d6b970}: Found class java.lang.Object, but interface was expected> (0x0000000706d6b970) 
thrown [s\src\hotspot\share\interpreter\linkResolver.cpp, line 826]
Event: 21.858 Thread 0x0000014f937ff980 Exception <a 'java/lang/IncompatibleClassChangeError'{0x0000000703d7cd60}: Found class java.lang.Object, but interface was expected> (0x0000000703d7cd60) 
thrown [s\src\hotspot\share\interpreter\linkResolver.cpp, line 826]
Event: 22.209 Thread 0x0000014f937ff980 Exception <a 'java/lang/NoSuchMethodError'{0x0000000704e09778}: 'java.lang.Object java.lang.invoke.DirectMethodHandle$Holder.invokeSpecial(java.lang.Object, java.lang.Object, java.lang.Object, java.lang.Object, java.lang.Object, java.lang.Object, java.lang.Object, java.lang.Object, java.lang.Object, java.lang.Object, java.lang.Object)'> (0x0000000704e09778) 
thrown [s\src\hotspot\share\interpreter\linkResolver.cpp, line 759]
Event: 22.210 Thread 0x0000014f937ff980 Exception <a 'java/lang/NoSuchMethodError'{0x0000000704e0db60}: 'java.lang.Object java.lang.invoke.Invokers$Holder.invoke_MT(java.lang.Object, java.lang.Object, java.lang.Object, java.lang.Object, java.lang.Object, java.lang.Object, java.lang.Object, java.lang.Object, java.lang.Object, java.lang.Object, java.lang.Object)'> (0x0000000704e0db60) 
thrown [s\src\hotspot\share\interpreter\linkResolver.cpp, line 759]
Event: 22.629 Thread 0x0000014f937ff980 Exception <a 'java/lang/IncompatibleClassChangeError'{0x00000007054f3b20}: Found class java.lang.Object, but interface was expected> (0x00000007054f3b20) 
thrown [s\src\hotspot\share\interpreter\linkResolver.cpp, line 826]
Event: 22.989 Thread 0x0000014f937ff980 Exception <a 'java/lang/NoSuchMethodError'{0x0000000707208110}: 'double java.lang.invoke.DirectMethodHandle$Holder.invokeVirtual(java.lang.Object, java.lang.Object)'> (0x0000000707208110) 
thrown [s\src\hotspot\share\interpreter\linkResolver.cpp, line 759]

VM Operations (20 events):
Event: 20.622 Executing VM operation: G1CollectForAllocation
Event: 20.629 Executing VM operation: G1CollectForAllocation done
Event: 20.630 Executing VM operation: HandshakeAllThreads
Event: 20.630 Executing VM operation: HandshakeAllThreads done
Event: 20.927 Executing VM operation: HandshakeAllThreads
Event: 20.927 Executing VM operation: HandshakeAllThreads done
Event: 20.940 Executing VM operation: HandshakeAllThreads
Event: 20.940 Executing VM operation: HandshakeAllThreads done
Event: 20.968 Executing VM operation: G1CollectForAllocation
Event: 20.977 Executing VM operation: G1CollectForAllocation done
Event: 21.089 Executing VM operation: HandshakeAllThreads
Event: 21.090 Executing VM operation: HandshakeAllThreads done
Event: 21.468 Executing VM operation: G1CollectForAllocation
Event: 21.477 Executing VM operation: G1CollectForAllocation done
Event: 21.880 Executing VM operation: G1CollectForAllocation
Event: 21.887 Executing VM operation: G1CollectForAllocation done
Event: 22.323 Executing VM operation: G1CollectForAllocation
Event: 22.332 Executing VM operation: G1CollectForAllocation done
Event: 22.768 Executing VM operation: G1CollectForAllocation
Event: 22.778 Executing VM operation: G1CollectForAllocation done

Memory protections (0 events):
No events

Nmethod flushes (20 events):
Event: 18.299 Thread 0x0000014fb6937160 flushing  nmethod 0x0000014f9bc79390
Event: 18.299 Thread 0x0000014fb6937160 flushing  nmethod 0x0000014f9bc7d410
Event: 18.299 Thread 0x0000014fb6937160 flushing  nmethod 0x0000014f9bc7ee10
Event: 18.300 Thread 0x0000014fb6937160 flushing  nmethod 0x0000014f9bcc6910
Event: 18.300 Thread 0x0000014fb6937160 flushing  nmethod 0x0000014f9bcd2010
Event: 18.301 Thread 0x0000014fb6937160 flushing  nmethod 0x0000014f9bd00310
Event: 18.301 Thread 0x0000014fb6937160 flushing  nmethod 0x0000014f9bd05190
Event: 18.302 Thread 0x0000014fb6937160 flushing  nmethod 0x0000014f9bd57490
Event: 18.302 Thread 0x0000014fb6937160 flushing  nmethod 0x0000014f9bd83290
Event: 18.302 Thread 0x0000014fb6937160 flushing  nmethod 0x0000014f9bd83d90
Event: 18.303 Thread 0x0000014fb6937160 flushing  nmethod 0x0000014f9bdae610
Event: 18.303 Thread 0x0000014fb6937160 flushing  nmethod 0x0000014f9bdaf890
Event: 18.303 Thread 0x0000014fb6937160 flushing  nmethod 0x0000014f9bdb8910
Event: 18.303 Thread 0x0000014fb6937160 flushing  nmethod 0x0000014f9bdbb910
Event: 18.304 Thread 0x0000014fb6937160 flushing  nmethod 0x0000014f9bdca090
Event: 18.304 Thread 0x0000014fb6937160 flushing  nmethod 0x0000014f9bddf910
Event: 18.305 Thread 0x0000014fb6937160 flushing  nmethod 0x0000014f9bde7210
Event: 20.631 Thread 0x0000014fb6937160 flushing  nmethod 0x0000014fa2e96290
Event: 20.636 Thread 0x0000014fb6937160 flushing  nmethod 0x0000014fa3253410
Event: 20.648 Thread 0x0000014fb6937160 flushing  nmethod 0x0000014f9bc41310

Events (20 events):
Event: 5.577 Thread 0x0000014f937ff980 Thread added: 0x0000014ffcfe0e40
Event: 5.851 Thread 0x0000014ffcfe0e40 Thread exited: 0x0000014ffcfe0e40
Event: 5.929 Thread 0x0000014fb6916840 Thread added: 0x0000014ffdb39d80
Event: 12.166 Thread 0x0000014f937ff980 Thread added: 0x0000014f83074020
Event: 12.168 Thread 0x0000014f83074020 Thread added: 0x0000014f835a12e0
Event: 12.182 Thread 0x0000014f937ff980 Thread added: 0x0000014ffd7ece30
Event: 12.250 Thread 0x0000014f937ff980 Thread added: 0x0000014f80a9e800
Event: 14.734 Thread 0x0000014ffdb39d80 Thread exited: 0x0000014ffdb39d80
Event: 14.735 Thread 0x0000014ffe4b3ab0 Thread exited: 0x0000014ffe4b3ab0
Event: 14.889 Thread 0x0000014f937ff980 Thread added: 0x0000014ffe4b3ab0
Event: 15.003 Thread 0x0000014ffe4b3ab0 Thread added: 0x0000014f913c4470
Event: 15.030 Thread 0x0000014fb6916840 Thread added: 0x0000014ffd2fc5a0
Event: 15.716 Thread 0x0000014ffd2fc5a0 Thread exited: 0x0000014ffd2fc5a0
Event: 16.363 Thread 0x0000014fb6916840 Thread added: 0x0000014ffd2fb5b0
Event: 16.537 Thread 0x0000014ffd2fb5b0 Thread exited: 0x0000014ffd2fb5b0
Event: 17.400 Thread 0x0000014fb690bf10 Thread added: 0x0000014ffd2fa070
Event: 17.401 Thread 0x0000014fb6916840 Thread added: 0x0000014ffd2fb5b0
Event: 19.192 Thread 0x0000014f937ff980 Thread added: 0x0000014f913c4980
Event: 20.751 Thread 0x0000014f913c4470 Thread exited: 0x0000014f913c4470
Event: 23.029 Thread 0x0000014f937ff980 Thread added: 0x0000014f913c5dc0


Dynamic libraries:
0x00007ff6a10a0000 - 0x00007ff6a10ae000 	C:\Users\63200736\.jdks\corretto-17.0.15\bin\java.exe
0x00007ff9be590000 - 0x00007ff9be7a7000 	C:\windows\SYSTEM32\ntdll.dll
0x00007ff9bdf00000 - 0x00007ff9bdfc4000 	C:\windows\System32\KERNEL32.DLL
0x00007ff9bbee0000 - 0x00007ff9bc28d000 	C:\windows\System32\KERNELBASE.dll
0x00007ff9bbd20000 - 0x00007ff9bbe31000 	C:\windows\System32\ucrtbase.dll
0x00007ff9a2320000 - 0x00007ff9a2337000 	C:\Users\63200736\.jdks\corretto-17.0.15\bin\jli.dll
0x00007ff9be2a0000 - 0x00007ff9be44e000 	C:\windows\System32\USER32.dll
0x00007ff9bb9d0000 - 0x00007ff9bb9f6000 	C:\windows\System32\win32u.dll
0x00007ff9bd660000 - 0x00007ff9bd689000 	C:\windows\System32\GDI32.dll
0x00007ff9bb8b0000 - 0x00007ff9bb9c9000 	C:\windows\System32\gdi32full.dll
0x00007ff9bbe40000 - 0x00007ff9bbeda000 	C:\windows\System32\msvcp_win.dll
0x00007ff990200000 - 0x00007ff99021b000 	C:\Users\63200736\.jdks\corretto-17.0.15\bin\VCRUNTIME140.dll
0x00007ff9a88b0000 - 0x00007ff9a8b43000 	C:\windows\WinSxS\amd64_microsoft.windows.common-controls_6595b64144ccf1df_6.0.22621.3672_none_2713b9d173822955\COMCTL32.dll
0x00007ff9bd690000 - 0x00007ff9bd737000 	C:\windows\System32\msvcrt.dll
0x00007ff9bd440000 - 0x00007ff9bd471000 	C:\windows\System32\IMM32.DLL
0x00007ff974a90000 - 0x00007ff975102000 	C:\Program Files\McAfee\DLP\Agent\fcagpph64.dll
0x00007ff9bca00000 - 0x00007ff9bcab2000 	C:\windows\System32\ADVAPI32.dll
0x00007ff9bd940000 - 0x00007ff9bd9e9000 	C:\windows\System32\sechost.dll
0x00007ff9bc290000 - 0x00007ff9bc2b8000 	C:\windows\System32\bcrypt.dll
0x00007ff9be180000 - 0x00007ff9be294000 	C:\windows\System32\RPCRT4.dll
0x00007ff9bcbc0000 - 0x00007ff9bd428000 	C:\windows\System32\SHELL32.dll
0x00007ff9bdfd0000 - 0x00007ff9be175000 	C:\windows\System32\ole32.dll
0x00007ff9bdb50000 - 0x00007ff9bdedd000 	C:\windows\System32\combase.dll
0x00007ff9bc820000 - 0x00007ff9bc87e000 	C:\windows\System32\SHLWAPI.dll
0x00007ff9bc930000 - 0x00007ff9bc9a1000 	C:\windows\System32\WS2_32.dll
0x00007ff9bda70000 - 0x00007ff9bdb47000 	C:\windows\System32\OLEAUT32.dll
0x00007ff9ba280000 - 0x00007ff9ba294000 	C:\windows\SYSTEM32\WTSAPI32.dll
0x00007ff9af3d0000 - 0x00007ff9af477000 	C:\windows\SYSTEM32\WINSPOOL.DRV
0x00007ff9be450000 - 0x00007ff9be549000 	C:\windows\System32\shcore.dll
0x00007ff9bb500000 - 0x00007ff9bb50a000 	C:\windows\SYSTEM32\VERSION.dll
0x00007ff9ba4d0000 - 0x00007ff9ba504000 	C:\windows\SYSTEM32\ntmarta.dll
0x00007ff9bb710000 - 0x00007ff9bb74a000 	C:\Program Files\Citrix\HDX\bin\MfApHook.dll
0x00007ff9bb650000 - 0x00007ff9bb660000 	C:\Program Files\Citrix\HDX\bin\FullScreenHook.dll
0x00007ff972850000 - 0x00007ff9728dd000 	C:\Users\63200736\.jdks\corretto-17.0.15\bin\MSVCP140.dll
0x00007ff999670000 - 0x00007ff99967c000 	C:\Users\63200736\.jdks\corretto-17.0.15\bin\VCRUNTIME140_1.dll
0x00007ff9bb3b0000 - 0x00007ff9bb3dd000 	C:\Program Files\Citrix\HDX\bin\ShellHook.dll
0x00007ff9bb280000 - 0x00007ff9bb3a9000 	C:\Program Files\Citrix\HDX\bin\SCardHook.dll
0x00007ff9bb230000 - 0x00007ff9bb24f000 	C:\Program Files\Citrix\HDX\bin\CxInjIme.dll
0x00007ff9bb200000 - 0x00007ff9bb228000 	C:\Program Files\Citrix\HDX\bin\PicaWtsHook.dll
0x00007ff93a950000 - 0x00007ff93b5bc000 	C:\Users\63200736\.jdks\corretto-17.0.15\bin\server\jvm.dll
0x00007ff9bb770000 - 0x00007ff9bb7bd000 	C:\windows\SYSTEM32\POWRPROF.dll
0x00007ff9b6620000 - 0x00007ff9b6654000 	C:\windows\SYSTEM32\WINMM.dll
0x00007ff9bb750000 - 0x00007ff9bb763000 	C:\windows\SYSTEM32\UMPDC.dll
0x00007ff9ba4b0000 - 0x00007ff9ba4c8000 	C:\windows\SYSTEM32\kernel.appcore.dll
0x00007ff999440000 - 0x00007ff99944a000 	C:\Users\63200736\.jdks\corretto-17.0.15\bin\jimage.dll
0x00007ff9b8990000 - 0x00007ff9b8bc2000 	C:\windows\SYSTEM32\DBGHELP.DLL
0x00007ff9902e0000 - 0x00007ff990312000 	C:\windows\SYSTEM32\dbgcore.DLL
0x00007ff9bbca0000 - 0x00007ff9bbd1b000 	C:\windows\System32\bcryptPrimitives.dll
0x00007ff98e3b0000 - 0x00007ff98e3d5000 	C:\Users\63200736\.jdks\corretto-17.0.15\bin\java.dll
0x00007ff9499b0000 - 0x00007ff949a87000 	C:\Users\63200736\.jdks\corretto-17.0.15\bin\jsvml.dll
0x00007ff9b91e0000 - 0x00007ff9b9ade000 	C:\windows\SYSTEM32\windows.storage.dll
0x00007ff9b8cd0000 - 0x00007ff9b8e0f000 	C:\windows\SYSTEM32\wintypes.dll
0x00007ff9bb7e0000 - 0x00007ff9bb801000 	C:\windows\SYSTEM32\profapi.dll
0x00007ff9b5850000 - 0x00007ff9b5869000 	C:\Users\63200736\.jdks\corretto-17.0.15\bin\net.dll
0x00007ff9b4e50000 - 0x00007ff9b4f86000 	C:\windows\SYSTEM32\WINHTTP.dll
0x00007ff9ba910000 - 0x00007ff9ba979000 	C:\windows\system32\mswsock.dll
0x00007ff997140000 - 0x00007ff997156000 	C:\Users\63200736\.jdks\corretto-17.0.15\bin\nio.dll
0x00007ff9970e0000 - 0x00007ff9970f8000 	C:\Users\63200736\.jdks\corretto-17.0.15\bin\zip.dll
0x00007ff9b9d60000 - 0x00007ff9b9e58000 	C:\windows\SYSTEM32\DNSAPI.dll
0x00007ff9b9d30000 - 0x00007ff9b9d5d000 	C:\windows\SYSTEM32\IPHLPAPI.DLL
0x00007ff9bd740000 - 0x00007ff9bd749000 	C:\windows\System32\NSI.dll
0x00007ff9b2dd0000 - 0x00007ff9b2dda000 	C:\Windows\System32\rasadhlp.dll
0x00007ff9b53a0000 - 0x00007ff9b5423000 	C:\windows\System32\fwpuclnt.dll
0x00007ff996eb0000 - 0x00007ff996eb9000 	C:\Users\63200736\.jdks\corretto-17.0.15\bin\extnet.dll
0x00007ff9b5310000 - 0x00007ff9b5329000 	C:\windows\SYSTEM32\dhcpcsvc6.DLL
0x00007ff9b5090000 - 0x00007ff9b50af000 	C:\windows\SYSTEM32\dhcpcsvc.DLL
0x00007ff997130000 - 0x00007ff99713e000 	C:\Users\63200736\.jdks\corretto-17.0.15\bin\sunmscapi.dll
0x00007ff9bbb30000 - 0x00007ff9bbc97000 	C:\windows\System32\CRYPT32.dll
0x00007ff9bad80000 - 0x00007ff9badae000 	C:\windows\SYSTEM32\ncrypt.dll
0x00007ff9bad40000 - 0x00007ff9bad77000 	C:\windows\SYSTEM32\NTASN1.dll
0x00007ff996e80000 - 0x00007ff996e90000 	C:\Users\63200736\.jdks\corretto-17.0.15\bin\verify.dll
0x00007ff9bac60000 - 0x00007ff9bac7b000 	C:\windows\SYSTEM32\CRYPTSP.dll
0x00007ff9ba410000 - 0x00007ff9ba445000 	C:\windows\system32\rsaenh.dll
0x00007ff9ba9b0000 - 0x00007ff9ba9d8000 	C:\windows\SYSTEM32\USERENV.dll
0x00007ff9bac40000 - 0x00007ff9bac4c000 	C:\windows\SYSTEM32\CRYPTBASE.dll

dbghelp: loaded successfully - version: 4.0.5 - missing functions: none
symbol engine: initialized successfully - sym options: 0x614 - pdb path: .;C:\Users\63200736\.jdks\corretto-17.0.15\bin;C:\windows\SYSTEM32;C:\windows\WinSxS\amd64_microsoft.windows.common-controls_6595b64144ccf1df_6.0.22621.3672_none_2713b9d173822955;C:\Program Files\McAfee\DLP\Agent;C:\Program Files\Citrix\HDX\bin;C:\Users\63200736\.jdks\corretto-17.0.15\bin\server

VM Arguments:
java_command: target/study_micros-0.0.1-SNAPSHOT.jar
java_class_path (initial): target/study_micros-0.0.1-SNAPSHOT.jar
Launcher Type: SUN_STANDARD

[Global flags]
     intx CICompilerCount                          = 4                                         {product} {ergonomic}
     uint ConcGCThreads                            = 2                                         {product} {ergonomic}
     uint G1ConcRefinementThreads                  = 8                                         {product} {ergonomic}
   size_t G1HeapRegionSize                         = 2097152                                   {product} {ergonomic}
    uintx GCDrainStackTargetSize                   = 64                                        {product} {ergonomic}
   size_t InitialHeapSize                          = 268435456                                 {product} {ergonomic}
   size_t MarkStackSize                            = 4194304                                   {product} {ergonomic}
   size_t MaxHeapSize                              = 4294967296                                {product} {ergonomic}
   size_t MaxNewSize                               = 2575302656                                {product} {ergonomic}
   size_t MinHeapDeltaBytes                        = 2097152                                   {product} {ergonomic}
   size_t MinHeapSize                              = 8388608                                   {product} {ergonomic}
    uintx NonNMethodCodeHeapSize                   = 5839372                                {pd product} {ergonomic}
    uintx NonProfiledCodeHeapSize                  = 122909434                              {pd product} {ergonomic}
    uintx ProfiledCodeHeapSize                     = 122909434                              {pd product} {ergonomic}
    uintx ReservedCodeCacheSize                    = 251658240                              {pd product} {ergonomic}
     bool SegmentedCodeCache                       = true                                      {product} {ergonomic}
   size_t SoftMaxHeapSize                          = 4294967296                             {manageable} {ergonomic}
     bool UseCompressedClassPointers               = true                           {product lp64_product} {ergonomic}
     bool UseCompressedOops                        = true                           {product lp64_product} {ergonomic}
     bool UseG1GC                                  = true                                      {product} {ergonomic}
     bool UseLargePagesIndividualAllocation        = false                                  {pd product} {ergonomic}

Logging:
Log output configuration:
 #0: stdout all=warning uptime,level,tags
 #1: stderr all=off uptime,level,tags

Environment Variables:
JAVA_HOME=C:\Users\63200736\.jdks\corretto-17.0.15
PATH=C:\windows\system32;C:\windows;C:\windows\System32\Wbem;C:\windows\System32\WindowsPowerShell\v1.0\;C:\windows\System32\OpenSSH\;C:\Program Files (x86)\Citrix\HDX\bin\;C:\Program Files\Citrix\HDX\bin\;C:\Program Files\nodejs\;C:\Program Files\Git\cmd;C:\Users\63200736\AppData\Local\Microsoft\WindowsApps;C:\Users\63200736\AppData\Local\Programs\Microsoft VS Code\bin;C:\Users\63200736\AppData\Roaming\npm;C:\Program Files\JetBrains\IntelliJ IDEA 2025.1.1.1\bin;;C:\Program Files\JetBrains\PyCharm Community Edition 2025.1.1.1\bin;;C:\Users\63200736\AppData\Local\Programs\Rancher Desktop\resources\resources\win32\bin\;C:\Users\63200736\AppData\Local\Programs\Rancher Desktop\resources\resources\win32\docker-cli-plugins\;C:\Users\63200736\AppData\Local\Programs\Rancher Desktop\resources\resources\linux\bin\;C:\Users\63200736\AppData\Local\Programs\Rancher Desktop\resources\resources\linux\docker-cli-plugins\;C:\Program Files\JetBrains\JetBrains Rider 2025.1.4\bin;;C:\Users\63200736\.dotnet\tools;C:\Users\63200736\.jdks\corretto-17.0.15\bin;
USERNAME=63200736
OS=Windows_NT
PROCESSOR_IDENTIFIER=AMD64 Family 25 Model 1 Stepping 1, AuthenticAMD
TMP=C:\Users\63200736\AppData\Local\Temp
TEMP=C:\Users\63200736\AppData\Local\Temp



Periodic native trim disabled


---------------  S Y S T E M  ---------------

OS:
 Windows 11 , 64 bit Build 22621 (10.0.22621.3958)
OS uptime: 8 days 23:19 hours
Hyper-V role detected

CPU: total 8 (initial active 8) (8 cores per cpu, 2 threads per core) family 25 model 1 stepping 1 microcode 0x0, cx8, cmov, fxsr, ht, mmx, 3dnowpref, sse, sse2, sse3, ssse3, sse4a, sse4.1, sse4.2, popcnt, lzcnt, tsc, avx, avx2, aes, clmul, bmi1, bmi2, adx, sha, fma, vzeroupper, clflush, clflushopt, hv
Processor Information for all 8 processors :
  Max Mhz: 2296, Current Mhz: 2296, Mhz Limit: 2296

Memory: 4k page, system-wide physical 16377M (1257M free)
TotalPageFile size 29134M (AvailPageFile size 205M)
current process WorkingSet (physical memory assigned to process): 382M, peak: 382M
current process commit charge ("private bytes"): 423M, peak: 427M

vm_info: OpenJDK 64-Bit Server VM (17.0.15+6-LTS) for windows-amd64 JRE (17.0.15+6-LTS), built on Apr  9 2025 23:33:55 by "Administrator" with MS VC++ 16.10 / 16.11 (VS2019)

END.
